[0.060s] Invoking command in '/home/jaj/dev_ws/src/my_bot/build/my_bot': CMAKE_PREFIX_PATH=${CMAKE_PREFIX_PATH}:/opt/ros/humble /usr/bin/cmake --build /home/jaj/dev_ws/src/my_bot/build/my_bot -- -j4 -l4
[0.156s] -- Found ament_cmake: 1.3.12 (/opt/ros/humble/share/ament_cmake/cmake)
[0.710s] -- Override CMake install command with custom implementation using symlinks instead of copying resources
[0.745s] -- Found controller_interface: 2.52.0 (/opt/ros/humble/share/controller_interface/cmake)
[0.937s] -- Found rosidl_generator_c: 3.1.7 (/opt/ros/humble/share/rosidl_generator_c/cmake)
[0.947s] -- Found rosidl_adapter: 3.1.7 (/opt/ros/humble/share/rosidl_adapter/cmake)
[0.973s] -- Found rosidl_generator_cpp: 3.1.7 (/opt/ros/humble/share/rosidl_generator_cpp/cmake)
[1.013s] -- Using all available rosidl_typesupport_c: rosidl_typesupport_fastrtps_c;rosidl_typesupport_introspection_c
[1.065s] -- Using all available rosidl_typesupport_cpp: rosidl_typesupport_fastrtps_cpp;rosidl_typesupport_introspection_cpp
[1.912s] -- Found rmw_implementation_cmake: 6.1.2 (/opt/ros/humble/share/rmw_implementation_cmake/cmake)
[1.918s] -- Found rmw_fastrtps_cpp: 6.2.8 (/opt/ros/humble/share/rmw_fastrtps_cpp/cmake)
[1.994s] -- Found TinyXML2 via Config file: TinyXML2_DIR-NOTFOUND
[2.027s] -- Found TinyXML2 via Config file: TinyXML2_DIR-NOTFOUND
[2.125s] -- Found TinyXML2 via Config file: TinyXML2_DIR-NOTFOUND
[2.158s] -- Found TinyXML2 via Config file: TinyXML2_DIR-NOTFOUND
[2.197s] -- Using RMW implementation 'rmw_fastrtps_cpp' as default
[2.718s] -- Configuring done
[2.752s] [31mCMake Error at CMakeLists.txt:22 (add_library):
[2.752s]   Cannot find source file:
[2.752s] 
[2.753s]     src/my_controller.cpp
[2.753s] 
[2.753s]   Tried extensions .c .C .c++ .cc .cpp .cxx .cu .mpp .m .M .mm .ixx .cppm .h
[2.753s]   .hh .h++ .hm .hpp .hxx .in .txx .f .F .for .f77 .f90 .f95 .f03 .hip .ispc
[2.754s] 
[2.754s] [0m
[2.758s] [31mCMake Error at CMakeLists.txt:22 (add_library):
[2.758s]   No SOURCES given to target: my_controller
[2.758s] 
[2.759s] [0m
[2.759s] [0mCMake Generate step failed.  Build files cannot be regenerated correctly.[0m
[2.791s] gmake: *** [Makefile:226: cmake_check_build_system] Error 1
[2.798s] Invoked command in '/home/jaj/dev_ws/src/my_bot/build/my_bot' returned '2': CMAKE_PREFIX_PATH=${CMAKE_PREFIX_PATH}:/opt/ros/humble /usr/bin/cmake --build /home/jaj/dev_ws/src/my_bot/build/my_bot -- -j4 -l4
