[0.050s] Invoking command in '/home/jaj/dev_ws/src/my_bot/build/my_bot': CMAKE_PREFIX_PATH=${CMAKE_PREFIX_PATH}:/opt/ros/humble /usr/bin/cmake /home/jaj/dev_ws/src/my_bot -DAMENT_CMAKE_SYMLINK_INSTALL=1 -DCMAKE_INSTALL_PREFIX=/home/jaj/dev_ws/src/my_bot/install/my_bot
[0.719s] -- The C compiler identification is GNU 11.4.0
[1.465s] -- The CXX compiler identification is GNU 11.4.0
[1.512s] -- Detecting C compiler ABI info
[1.877s] -- Detecting C compiler ABI info - done
[1.903s] -- Check for working C compiler: /usr/bin/cc - skipped
[1.906s] -- Detecting C compile features
[1.909s] -- Detecting C compile features - done
[1.924s] -- Detecting CXX compiler ABI info
[2.302s] -- Detecting CXX compiler ABI info - done
[2.328s] -- Check for working CXX compiler: /usr/bin/c++ - skipped
[2.329s] -- Detecting CXX compile features
[2.330s] -- Detecting CXX compile features - done
[2.371s] -- Found ament_cmake: 1.3.12 (/opt/ros/humble/share/ament_cmake/cmake)
[3.154s] -- Found Python3: /usr/bin/python3 (found version "3.10.12") found components: Interpreter 
[3.486s] -- Override CMake install command with custom implementation using symlinks instead of copying resources
[3.886s] -- Found ament_lint_auto: 0.12.14 (/opt/ros/humble/share/ament_lint_auto/cmake)
[4.432s] -- Added test 'copyright' to check source files copyright and LICENSE
[4.558s] -- Added test 'cppcheck' to perform static code analysis on C / C++ code
[4.558s] -- Configured cppcheck include dirs: 
[4.558s] -- Configured cppcheck exclude dirs and/or files: 
[4.685s] -- Added test 'cpplint' to check C / C++ code against the Google style
[4.686s] -- Configured cpplint exclude dirs and/or files: 
[4.706s] -- Added test 'flake8' to check Python code syntax and style conventions
[4.742s] -- Added test 'lint_cmake' to check CMake code style
[4.764s] -- Added test 'pep257' to check Python code against some of the docstring style conventions in PEP 257
[4.895s] -- Added test 'uncrustify' to check C / C++ code style
[4.896s] -- Configured uncrustify additional arguments: 
[4.917s] -- Added test 'xmllint' to check XML markup files
[4.929s] -- Configuring done
[4.951s] -- Generating done
[4.959s] -- Build files have been written to: /home/jaj/dev_ws/src/my_bot/build/my_bot
[4.980s] Invoked command in '/home/jaj/dev_ws/src/my_bot/build/my_bot' returned '0': CMAKE_PREFIX_PATH=${CMAKE_PREFIX_PATH}:/opt/ros/humble /usr/bin/cmake /home/jaj/dev_ws/src/my_bot -DAMENT_CMAKE_SYMLINK_INSTALL=1 -DCMAKE_INSTALL_PREFIX=/home/jaj/dev_ws/src/my_bot/install/my_bot
[4.992s] Invoking command in '/home/jaj/dev_ws/src/my_bot/build/my_bot': CMAKE_PREFIX_PATH=${CMAKE_PREFIX_PATH}:/opt/ros/humble /usr/bin/cmake --build /home/jaj/dev_ws/src/my_bot/build/my_bot -- -j4 -l4
[5.143s] Invoked command in '/home/jaj/dev_ws/src/my_bot/build/my_bot' returned '0': CMAKE_PREFIX_PATH=${CMAKE_PREFIX_PATH}:/opt/ros/humble /usr/bin/cmake --build /home/jaj/dev_ws/src/my_bot/build/my_bot -- -j4 -l4
[5.188s] Invoking command in '/home/jaj/dev_ws/src/my_bot/build/my_bot': CMAKE_PREFIX_PATH=${CMAKE_PREFIX_PATH}:/opt/ros/humble /usr/bin/cmake --install /home/jaj/dev_ws/src/my_bot/build/my_bot
[5.217s] -- Install configuration: ""
[5.219s] -- Execute custom install script
[5.222s] -- Symlinking: /home/jaj/dev_ws/src/my_bot/install/my_bot/share/my_bot/config/empty.yaml
[5.254s] -- Symlinking: /home/jaj/dev_ws/src/my_bot/install/my_bot/share/my_bot/description/inertial_macros.xacro
[5.288s] -- Symlinking: /home/jaj/dev_ws/src/my_bot/install/my_bot/share/my_bot/description/robot.urdf.xacro
[5.319s] -- Symlinking: /home/jaj/dev_ws/src/my_bot/install/my_bot/share/my_bot/description/robot_core.xacro
[5.351s] -- Symlinking: /home/jaj/dev_ws/src/my_bot/install/my_bot/share/my_bot/launch/rsp.launch.py
[5.387s] -- Symlinking: /home/jaj/dev_ws/src/my_bot/install/my_bot/share/my_bot/worlds/empty.world
[5.419s] -- Symlinking: /home/jaj/dev_ws/src/my_bot/install/my_bot/share/ament_index/resource_index/package_run_dependencies/my_bot
[5.452s] -- Symlinking: /home/jaj/dev_ws/src/my_bot/install/my_bot/share/ament_index/resource_index/parent_prefix_path/my_bot
[5.486s] -- Symlinking: /home/jaj/dev_ws/src/my_bot/install/my_bot/share/my_bot/environment/ament_prefix_path.sh
[5.519s] -- Symlinking: /home/jaj/dev_ws/src/my_bot/install/my_bot/share/my_bot/environment/ament_prefix_path.dsv
[5.550s] -- Symlinking: /home/jaj/dev_ws/src/my_bot/install/my_bot/share/my_bot/environment/path.sh
[5.585s] -- Symlinking: /home/jaj/dev_ws/src/my_bot/install/my_bot/share/my_bot/environment/path.dsv
[5.616s] -- Symlinking: /home/jaj/dev_ws/src/my_bot/install/my_bot/share/my_bot/local_setup.bash
[5.649s] -- Symlinking: /home/jaj/dev_ws/src/my_bot/install/my_bot/share/my_bot/local_setup.sh
[5.682s] -- Symlinking: /home/jaj/dev_ws/src/my_bot/install/my_bot/share/my_bot/local_setup.zsh
[5.715s] -- Symlinking: /home/jaj/dev_ws/src/my_bot/install/my_bot/share/my_bot/local_setup.dsv
[5.746s] -- Symlinking: /home/jaj/dev_ws/src/my_bot/install/my_bot/share/my_bot/package.dsv
[5.781s] -- Symlinking: /home/jaj/dev_ws/src/my_bot/install/my_bot/share/ament_index/resource_index/packages/my_bot
[5.815s] -- Symlinking: /home/jaj/dev_ws/src/my_bot/install/my_bot/share/my_bot/cmake/my_botConfig.cmake
[5.847s] -- Symlinking: /home/jaj/dev_ws/src/my_bot/install/my_bot/share/my_bot/cmake/my_botConfig-version.cmake
[5.880s] -- Symlinking: /home/jaj/dev_ws/src/my_bot/install/my_bot/share/my_bot/package.xml
[5.918s] Invoked command in '/home/jaj/dev_ws/src/my_bot/build/my_bot' returned '0': CMAKE_PREFIX_PATH=${CMAKE_PREFIX_PATH}:/opt/ros/humble /usr/bin/cmake --install /home/jaj/dev_ws/src/my_bot/build/my_bot
