[0.462s] DEBUG:colcon:Command line arguments: ['/usr/bin/colcon', 'build', '--symlink-install']
[0.463s] DEBUG:colcon:Parsed command line arguments: Namespace(log_base=None, log_level=None, verb_name='build', build_base='build', install_base='install', merge_install=False, symlink_install=True, test_result_base=None, continue_on_error=False, executor='parallel', parallel_workers=4, event_handlers=None, ignore_user_meta=False, metas=['./colcon.meta'], base_paths=['.'], packages_ignore=None, packages_ignore_regex=None, paths=None, packages_up_to=None, packages_up_to_regex=None, packages_above=None, packages_above_and_dependencies=None, packages_above_depth=None, packages_select_by_dep=None, packages_skip_by_dep=None, packages_skip_up_to=None, packages_select_build_failed=False, packages_skip_build_finished=False, packages_select_test_failures=False, packages_skip_test_passed=False, packages_select=None, packages_skip=None, packages_select_regex=None, packages_skip_regex=None, packages_start=None, packages_end=None, allow_overriding=[], cmake_args=None, cmake_target=None, cmake_target_skip_unavailable=False, cmake_clean_cache=False, cmake_clean_first=False, cmake_force_configure=False, ament_cmake_args=None, catkin_cmake_args=None, catkin_skip_building_tests=False, mixin_files=None, mixin=None, verb_parser=<colcon_mixin.mixin.mixin_argument.MixinArgumentDecorator object at 0xffffbcfa6410>, verb_extension=<colcon_core.verb.build.BuildVerb object at 0xffffbcfa5f60>, main=<bound method BuildVerb.main of <colcon_core.verb.build.BuildVerb object at 0xffffbcfa5f60>>, mixin_verb=('build',))
[1.376s] Level 1:colcon.colcon_core.package_discovery:discover_packages(colcon_meta) check parameters
[1.377s] Level 1:colcon.colcon_core.package_discovery:discover_packages(recursive) check parameters
[1.377s] Level 1:colcon.colcon_core.package_discovery:discover_packages(ignore) check parameters
[1.377s] Level 1:colcon.colcon_core.package_discovery:discover_packages(path) check parameters
[1.377s] Level 1:colcon.colcon_core.package_discovery:discover_packages(colcon_meta) discover
[1.377s] Level 1:colcon.colcon_core.package_discovery:discover_packages(recursive) discover
[1.377s] INFO:colcon.colcon_core.package_discovery:Crawling recursively for packages in '/home/jaj/dev_ws/src/my_bot'
[1.378s] Level 1:colcon.colcon_core.package_identification:_identify(.) by extensions ['ignore', 'ignore_ament_install']
[1.378s] Level 1:colcon.colcon_core.package_identification:_identify(.) by extension 'ignore'
[1.379s] Level 1:colcon.colcon_core.package_identification:_identify(.) by extension 'ignore_ament_install'
[1.379s] Level 1:colcon.colcon_core.package_identification:_identify(.) by extensions ['colcon_pkg']
[1.379s] Level 1:colcon.colcon_core.package_identification:_identify(.) by extension 'colcon_pkg'
[1.379s] Level 1:colcon.colcon_core.package_identification:_identify(.) by extensions ['colcon_meta']
[1.379s] Level 1:colcon.colcon_core.package_identification:_identify(.) by extension 'colcon_meta'
[1.379s] Level 1:colcon.colcon_core.package_identification:_identify(.) by extensions ['ros']
[1.379s] Level 1:colcon.colcon_core.package_identification:_identify(.) by extension 'ros'
[1.432s] DEBUG:colcon.colcon_core.package_identification:Package '.' with type 'ros.ament_cmake' and name 'my_bot'
[1.432s] Level 1:colcon.colcon_core.package_discovery:discover_packages(recursive) using defaults
[1.432s] Level 1:colcon.colcon_core.package_discovery:discover_packages(ignore) discover
[1.432s] Level 1:colcon.colcon_core.package_discovery:discover_packages(ignore) using defaults
[1.433s] Level 1:colcon.colcon_core.package_discovery:discover_packages(path) discover
[1.433s] Level 1:colcon.colcon_core.package_discovery:discover_packages(path) using defaults
[1.547s] Level 1:colcon.colcon_core.package_discovery:discover_packages(prefix_path) check parameters
[1.547s] Level 1:colcon.colcon_core.package_discovery:discover_packages(prefix_path) discover
[1.556s] DEBUG:colcon.colcon_installed_package_information.package_discovery:Found 1 installed packages in /home/jaj/dev_ws/install
[1.558s] DEBUG:colcon.colcon_installed_package_information.package_discovery:Found 1 installed packages in /home/jaj/ros2_ws/install
[1.569s] DEBUG:colcon.colcon_installed_package_information.package_discovery:Found 342 installed packages in /opt/ros/humble
[1.577s] Level 1:colcon.colcon_core.package_discovery:discover_packages(prefix_path) using defaults
[1.770s] Level 5:colcon.colcon_core.verb:set package 'my_bot' build argument 'cmake_args' from command line to 'None'
[1.770s] Level 5:colcon.colcon_core.verb:set package 'my_bot' build argument 'cmake_target' from command line to 'None'
[1.770s] Level 5:colcon.colcon_core.verb:set package 'my_bot' build argument 'cmake_target_skip_unavailable' from command line to 'False'
[1.770s] Level 5:colcon.colcon_core.verb:set package 'my_bot' build argument 'cmake_clean_cache' from command line to 'False'
[1.770s] Level 5:colcon.colcon_core.verb:set package 'my_bot' build argument 'cmake_clean_first' from command line to 'False'
[1.770s] Level 5:colcon.colcon_core.verb:set package 'my_bot' build argument 'cmake_force_configure' from command line to 'False'
[1.770s] Level 5:colcon.colcon_core.verb:set package 'my_bot' build argument 'ament_cmake_args' from command line to 'None'
[1.771s] Level 5:colcon.colcon_core.verb:set package 'my_bot' build argument 'catkin_cmake_args' from command line to 'None'
[1.771s] Level 5:colcon.colcon_core.verb:set package 'my_bot' build argument 'catkin_skip_building_tests' from command line to 'False'
[1.771s] DEBUG:colcon.colcon_core.verb:Building package 'my_bot' with the following arguments: {'ament_cmake_args': None, 'build_base': '/home/jaj/dev_ws/src/my_bot/build/my_bot', 'catkin_cmake_args': None, 'catkin_skip_building_tests': False, 'cmake_args': None, 'cmake_clean_cache': False, 'cmake_clean_first': False, 'cmake_force_configure': False, 'cmake_target': None, 'cmake_target_skip_unavailable': False, 'install_base': '/home/jaj/dev_ws/src/my_bot/install/my_bot', 'merge_install': False, 'path': '/home/jaj/dev_ws/src/my_bot', 'symlink_install': True, 'test_result_base': None}
[1.771s] INFO:colcon.colcon_core.executor:Executing jobs using 'parallel' executor
[1.775s] DEBUG:colcon.colcon_parallel_executor.executor.parallel:run_until_complete
[1.776s] INFO:colcon.colcon_ros.task.ament_cmake.build:Building ROS package in '/home/jaj/dev_ws/src/my_bot' with build type 'ament_cmake'
[1.776s] INFO:colcon.colcon_cmake.task.cmake.build:Building CMake package in '/home/jaj/dev_ws/src/my_bot'
[1.785s] INFO:colcon.colcon_core.plugin_system:Skipping extension 'colcon_core.shell.bat': Not used on non-Windows systems
[1.785s] INFO:colcon.colcon_core.shell:Skip shell extension 'powershell' for command environment: Not usable outside of PowerShell
[1.785s] DEBUG:colcon.colcon_core.shell:Skip shell extension 'dsv' for command environment
[1.837s] DEBUG:colcon.colcon_core.event_handler.log_command:Invoking command in '/home/jaj/dev_ws/src/my_bot/build/my_bot': CMAKE_PREFIX_PATH=${CMAKE_PREFIX_PATH}:/opt/ros/humble /usr/bin/cmake --build /home/jaj/dev_ws/src/my_bot/build/my_bot -- -j4 -l4
[6.995s] DEBUG:colcon.colcon_core.event_handler.log_command:Invoked command in '/home/jaj/dev_ws/src/my_bot/build/my_bot' returned '2': CMAKE_PREFIX_PATH=${CMAKE_PREFIX_PATH}:/opt/ros/humble /usr/bin/cmake --build /home/jaj/dev_ws/src/my_bot/build/my_bot -- -j4 -l4
[7.036s] Level 1:colcon.colcon_core.environment:create_environment_scripts_only(my_bot)
[7.052s] Level 1:colcon.colcon_core.environment:checking '/home/jaj/dev_ws/src/my_bot/install/my_bot' for CMake module files
[7.060s] Level 1:colcon.colcon_core.environment:checking '/home/jaj/dev_ws/src/my_bot/install/my_bot' for CMake config files
[7.064s] Level 1:colcon.colcon_core.shell:create_environment_hook('my_bot', 'cmake_prefix_path')
[7.065s] INFO:colcon.colcon_core.shell:Creating environment hook '/home/jaj/dev_ws/src/my_bot/install/my_bot/share/my_bot/hook/cmake_prefix_path.ps1'
[7.068s] INFO:colcon.colcon_core.shell:Creating environment descriptor '/home/jaj/dev_ws/src/my_bot/install/my_bot/share/my_bot/hook/cmake_prefix_path.dsv'
[7.071s] INFO:colcon.colcon_core.shell:Creating environment hook '/home/jaj/dev_ws/src/my_bot/install/my_bot/share/my_bot/hook/cmake_prefix_path.sh'
[7.075s] Level 1:colcon.colcon_core.environment:checking '/home/jaj/dev_ws/src/my_bot/install/my_bot/bin'
[7.076s] Level 1:colcon.colcon_core.environment:checking '/home/jaj/dev_ws/src/my_bot/install/my_bot/lib/pkgconfig/my_bot.pc'
[7.076s] Level 1:colcon.colcon_core.environment:checking '/home/jaj/dev_ws/src/my_bot/install/my_bot/lib/python3.10/site-packages'
[7.078s] Level 1:colcon.colcon_core.environment:checking '/home/jaj/dev_ws/src/my_bot/install/my_bot/bin'
[7.079s] INFO:colcon.colcon_core.shell:Creating package script '/home/jaj/dev_ws/src/my_bot/install/my_bot/share/my_bot/package.ps1'
[7.083s] INFO:colcon.colcon_core.shell:Creating package descriptor '/home/jaj/dev_ws/src/my_bot/install/my_bot/share/my_bot/package.dsv'
[7.086s] INFO:colcon.colcon_core.shell:Creating package script '/home/jaj/dev_ws/src/my_bot/install/my_bot/share/my_bot/package.sh'
[7.089s] INFO:colcon.colcon_core.shell:Creating package script '/home/jaj/dev_ws/src/my_bot/install/my_bot/share/my_bot/package.bash'
[7.092s] INFO:colcon.colcon_core.shell:Creating package script '/home/jaj/dev_ws/src/my_bot/install/my_bot/share/my_bot/package.zsh'
[7.095s] Level 1:colcon.colcon_core.environment:create_file_with_runtime_dependencies(/home/jaj/dev_ws/src/my_bot/install/my_bot/share/colcon-core/packages/my_bot)
[7.107s] DEBUG:colcon.colcon_parallel_executor.executor.parallel:closing loop
[7.108s] DEBUG:colcon.colcon_parallel_executor.executor.parallel:loop closed
[7.108s] DEBUG:colcon.colcon_parallel_executor.executor.parallel:run_until_complete finished with '2'
[7.108s] DEBUG:colcon.colcon_core.event_reactor:joining thread
[7.139s] INFO:colcon.colcon_core.plugin_system:Skipping extension 'colcon_notification.desktop_notification.terminal_notifier': Not used on non-Darwin systems
[7.140s] INFO:colcon.colcon_core.plugin_system:Skipping extension 'colcon_notification.desktop_notification.win32': Not used on non-Windows systems
[7.140s] INFO:colcon.colcon_notification.desktop_notification:Sending desktop notification using 'notify2'
[7.188s] DEBUG:colcon.colcon_core.event_reactor:joined thread
[7.189s] INFO:colcon.colcon_core.shell:Creating prefix script '/home/jaj/dev_ws/src/my_bot/install/local_setup.ps1'
[7.194s] INFO:colcon.colcon_core.shell:Creating prefix util module '/home/jaj/dev_ws/src/my_bot/install/_local_setup_util_ps1.py'
[7.201s] INFO:colcon.colcon_core.shell:Creating prefix chain script '/home/jaj/dev_ws/src/my_bot/install/setup.ps1'
[7.207s] INFO:colcon.colcon_core.shell:Creating prefix script '/home/jaj/dev_ws/src/my_bot/install/local_setup.sh'
[7.210s] INFO:colcon.colcon_core.shell:Creating prefix util module '/home/jaj/dev_ws/src/my_bot/install/_local_setup_util_sh.py'
[7.213s] INFO:colcon.colcon_core.shell:Creating prefix chain script '/home/jaj/dev_ws/src/my_bot/install/setup.sh'
[7.218s] INFO:colcon.colcon_core.shell:Creating prefix script '/home/jaj/dev_ws/src/my_bot/install/local_setup.bash'
[7.221s] INFO:colcon.colcon_core.shell:Creating prefix chain script '/home/jaj/dev_ws/src/my_bot/install/setup.bash'
[7.226s] INFO:colcon.colcon_core.shell:Creating prefix script '/home/jaj/dev_ws/src/my_bot/install/local_setup.zsh'
[7.229s] INFO:colcon.colcon_core.shell:Creating prefix chain script '/home/jaj/dev_ws/src/my_bot/install/setup.zsh'
