[0.059s] Invoking command in '/home/jaj/dev_ws/src/my_bot/build/my_bot': CMAKE_PREFIX_PATH=${CMAKE_PREFIX_PATH}:/opt/ros/humble /usr/bin/cmake --build /home/jaj/dev_ws/src/my_bot/build/my_bot -- -j4 -l4
[0.241s] Invoked command in '/home/jaj/dev_ws/src/my_bot/build/my_bot' returned '0': CMAKE_PREFIX_PATH=${CMAKE_PREFIX_PATH}:/opt/ros/humble /usr/bin/cmake --build /home/jaj/dev_ws/src/my_bot/build/my_bot -- -j4 -l4
[0.282s] Invoking command in '/home/jaj/dev_ws/src/my_bot/build/my_bot': CMAKE_PREFIX_PATH=${CMAKE_PREFIX_PATH}:/opt/ros/humble /usr/bin/cmake --install /home/jaj/dev_ws/src/my_bot/build/my_bot
[0.311s] -- Install configuration: ""
[0.312s] -- Execute custom install script
[0.315s] -- Up-to-date symlink: /home/jaj/dev_ws/src/my_bot/install/my_bot/share/my_bot/config/diff_drive_controllers.yaml
[0.315s] -- Up-to-date symlink: /home/jaj/dev_ws/src/my_bot/install/my_bot/share/my_bot/config/drive_bot.rviz
[0.316s] -- Up-to-date symlink: /home/jaj/dev_ws/src/my_bot/install/my_bot/share/my_bot/config/empty.yaml
[0.316s] -- Up-to-date symlink: /home/jaj/dev_ws/src/my_bot/install/my_bot/share/my_bot/config/gaz_ros2_ctl_use_sim.yaml
[0.317s] -- Up-to-date symlink: /home/jaj/dev_ws/src/my_bot/install/my_bot/share/my_bot/config/gz_bridge.yaml
[0.318s] -- Up-to-date symlink: /home/jaj/dev_ws/src/my_bot/install/my_bot/share/my_bot/config/my_controllers.yaml
[0.319s] -- Up-to-date symlink: /home/jaj/dev_ws/src/my_bot/install/my_bot/share/my_bot/config/twist_mux.yaml
[0.319s] -- Up-to-date symlink: /home/jaj/dev_ws/src/my_bot/install/my_bot/share/my_bot/config/view_bot.rviz
[0.321s] -- Up-to-date symlink: /home/jaj/dev_ws/src/my_bot/install/my_bot/share/my_bot/description/gazebo_control.xacro
[0.321s] -- Up-to-date symlink: /home/jaj/dev_ws/src/my_bot/install/my_bot/share/my_bot/description/gz_ros2_control.xacro
[0.322s] -- Up-to-date symlink: /home/jaj/dev_ws/src/my_bot/install/my_bot/share/my_bot/description/inertial_macros.xacro
[0.323s] -- Symlinking: /home/jaj/dev_ws/src/my_bot/install/my_bot/share/my_bot/description/lidar.xacro
[0.357s] -- Up-to-date symlink: /home/jaj/dev_ws/src/my_bot/install/my_bot/share/my_bot/description/robot.urdf.xacro
[0.357s] -- Up-to-date symlink: /home/jaj/dev_ws/src/my_bot/install/my_bot/share/my_bot/description/robot_core.xacro
[0.358s] -- Up-to-date symlink: /home/jaj/dev_ws/src/my_bot/install/my_bot/share/my_bot/description/ros2_control.xacro
[0.360s] -- Up-to-date symlink: /home/jaj/dev_ws/src/my_bot/install/my_bot/share/my_bot/launch/launch_sim.launch.py
[0.361s] -- Up-to-date symlink: /home/jaj/dev_ws/src/my_bot/install/my_bot/share/my_bot/launch/rsp.launch.py
[0.363s] -- Up-to-date symlink: /home/jaj/dev_ws/src/my_bot/install/my_bot/share/my_bot/worlds/empty.world
[0.363s] -- Symlinking: /home/jaj/dev_ws/src/my_bot/install/my_bot/share/my_bot/worlds/obstacles.world
[0.397s] -- Up-to-date symlink: /home/jaj/dev_ws/src/my_bot/install/my_bot/share/ament_index/resource_index/package_run_dependencies/my_bot
[0.398s] -- Up-to-date symlink: /home/jaj/dev_ws/src/my_bot/install/my_bot/share/ament_index/resource_index/parent_prefix_path/my_bot
[0.399s] -- Up-to-date symlink: /home/jaj/dev_ws/src/my_bot/install/my_bot/share/my_bot/environment/ament_prefix_path.sh
[0.400s] -- Up-to-date symlink: /home/jaj/dev_ws/src/my_bot/install/my_bot/share/my_bot/environment/ament_prefix_path.dsv
[0.401s] -- Up-to-date symlink: /home/jaj/dev_ws/src/my_bot/install/my_bot/share/my_bot/environment/path.sh
[0.402s] -- Up-to-date symlink: /home/jaj/dev_ws/src/my_bot/install/my_bot/share/my_bot/environment/path.dsv
[0.403s] -- Up-to-date symlink: /home/jaj/dev_ws/src/my_bot/install/my_bot/share/my_bot/local_setup.bash
[0.404s] -- Up-to-date symlink: /home/jaj/dev_ws/src/my_bot/install/my_bot/share/my_bot/local_setup.sh
[0.405s] -- Up-to-date symlink: /home/jaj/dev_ws/src/my_bot/install/my_bot/share/my_bot/local_setup.zsh
[0.406s] -- Up-to-date symlink: /home/jaj/dev_ws/src/my_bot/install/my_bot/share/my_bot/local_setup.dsv
[0.407s] -- Symlinking: /home/jaj/dev_ws/src/my_bot/install/my_bot/share/my_bot/package.dsv
[0.443s] -- Up-to-date symlink: /home/jaj/dev_ws/src/my_bot/install/my_bot/share/ament_index/resource_index/packages/my_bot
[0.444s] -- Up-to-date symlink: /home/jaj/dev_ws/src/my_bot/install/my_bot/share/my_bot/cmake/my_botConfig.cmake
[0.445s] -- Up-to-date symlink: /home/jaj/dev_ws/src/my_bot/install/my_bot/share/my_bot/cmake/my_botConfig-version.cmake
[0.446s] -- Up-to-date symlink: /home/jaj/dev_ws/src/my_bot/install/my_bot/share/my_bot/package.xml
[0.453s] Invoked command in '/home/jaj/dev_ws/src/my_bot/build/my_bot' returned '0': CMAKE_PREFIX_PATH=${CMAKE_PREFIX_PATH}:/opt/ros/humble /usr/bin/cmake --install /home/jaj/dev_ws/src/my_bot/build/my_bot
