[0.577s] DEBUG:colcon:Command line arguments: ['/usr/bin/colcon', 'build', '--symlink-install']
[0.577s] DEBUG:colcon:Parsed command line arguments: Namespace(log_base=None, log_level=None, verb_name='build', build_base='build', install_base='install', merge_install=False, symlink_install=True, test_result_base=None, continue_on_error=False, executor='parallel', parallel_workers=4, event_handlers=None, ignore_user_meta=False, metas=['./colcon.meta'], base_paths=['.'], packages_ignore=None, packages_ignore_regex=None, paths=None, packages_up_to=None, packages_up_to_regex=None, packages_above=None, packages_above_and_dependencies=None, packages_above_depth=None, packages_select_by_dep=None, packages_skip_by_dep=None, packages_skip_up_to=None, packages_select_build_failed=False, packages_skip_build_finished=False, packages_select_test_failures=False, packages_skip_test_passed=False, packages_select=None, packages_skip=None, packages_select_regex=None, packages_skip_regex=None, packages_start=None, packages_end=None, allow_overriding=[], cmake_args=None, cmake_target=None, cmake_target_skip_unavailable=False, cmake_clean_cache=False, cmake_clean_first=False, cmake_force_configure=False, ament_cmake_args=None, catkin_cmake_args=None, catkin_skip_building_tests=False, mixin_files=None, mixin=None, verb_parser=<colcon_mixin.mixin.mixin_argument.MixinArgumentDecorator object at 0xffffb648e4a0>, verb_extension=<colcon_core.verb.build.BuildVerb object at 0xffffb648dff0>, main=<bound method BuildVerb.main of <colcon_core.verb.build.BuildVerb object at 0xffffb648dff0>>, mixin_verb=('build',))
[1.735s] Level 1:colcon.colcon_core.package_discovery:discover_packages(colcon_meta) check parameters
[1.735s] Level 1:colcon.colcon_core.package_discovery:discover_packages(recursive) check parameters
[1.735s] Level 1:colcon.colcon_core.package_discovery:discover_packages(ignore) check parameters
[1.736s] Level 1:colcon.colcon_core.package_discovery:discover_packages(path) check parameters
[1.736s] Level 1:colcon.colcon_core.package_discovery:discover_packages(colcon_meta) discover
[1.736s] Level 1:colcon.colcon_core.package_discovery:discover_packages(recursive) discover
[1.736s] INFO:colcon.colcon_core.package_discovery:Crawling recursively for packages in '/home/jaj/dev_ws/src/my_bot'
[1.737s] Level 1:colcon.colcon_core.package_identification:_identify(.) by extensions ['ignore', 'ignore_ament_install']
[1.737s] Level 1:colcon.colcon_core.package_identification:_identify(.) by extension 'ignore'
[1.738s] Level 1:colcon.colcon_core.package_identification:_identify(.) by extension 'ignore_ament_install'
[1.738s] Level 1:colcon.colcon_core.package_identification:_identify(.) by extensions ['colcon_pkg']
[1.738s] Level 1:colcon.colcon_core.package_identification:_identify(.) by extension 'colcon_pkg'
[1.738s] Level 1:colcon.colcon_core.package_identification:_identify(.) by extensions ['colcon_meta']
[1.738s] Level 1:colcon.colcon_core.package_identification:_identify(.) by extension 'colcon_meta'
[1.739s] Level 1:colcon.colcon_core.package_identification:_identify(.) by extensions ['ros']
[1.739s] Level 1:colcon.colcon_core.package_identification:_identify(.) by extension 'ros'
[1.799s] DEBUG:colcon.colcon_core.package_identification:Package '.' with type 'ros.ament_cmake' and name 'my_bot'
[1.799s] Level 1:colcon.colcon_core.package_discovery:discover_packages(recursive) using defaults
[1.799s] Level 1:colcon.colcon_core.package_discovery:discover_packages(ignore) discover
[1.799s] Level 1:colcon.colcon_core.package_discovery:discover_packages(ignore) using defaults
[1.800s] Level 1:colcon.colcon_core.package_discovery:discover_packages(path) discover
[1.800s] Level 1:colcon.colcon_core.package_discovery:discover_packages(path) using defaults
[1.930s] Level 1:colcon.colcon_core.package_discovery:discover_packages(prefix_path) check parameters
[1.931s] Level 1:colcon.colcon_core.package_discovery:discover_packages(prefix_path) discover
[1.941s] DEBUG:colcon.colcon_installed_package_information.package_discovery:Found 1 installed packages in /home/jaj/dev_ws/src/my_bot/install
[1.944s] DEBUG:colcon.colcon_installed_package_information.package_discovery:Found 1 installed packages in /home/jaj/dev_ws/install
[1.946s] DEBUG:colcon.colcon_installed_package_information.package_discovery:Found 1 installed packages in /home/jaj/ros2_ws/install
[1.958s] DEBUG:colcon.colcon_installed_package_information.package_discovery:Found 342 installed packages in /opt/ros/humble
[1.966s] Level 1:colcon.colcon_core.package_discovery:discover_packages(prefix_path) using defaults
[2.203s] Level 5:colcon.colcon_core.verb:set package 'my_bot' build argument 'cmake_args' from command line to 'None'
[2.203s] Level 5:colcon.colcon_core.verb:set package 'my_bot' build argument 'cmake_target' from command line to 'None'
[2.203s] Level 5:colcon.colcon_core.verb:set package 'my_bot' build argument 'cmake_target_skip_unavailable' from command line to 'False'
[2.203s] Level 5:colcon.colcon_core.verb:set package 'my_bot' build argument 'cmake_clean_cache' from command line to 'False'
[2.204s] Level 5:colcon.colcon_core.verb:set package 'my_bot' build argument 'cmake_clean_first' from command line to 'False'
[2.204s] Level 5:colcon.colcon_core.verb:set package 'my_bot' build argument 'cmake_force_configure' from command line to 'False'
[2.204s] Level 5:colcon.colcon_core.verb:set package 'my_bot' build argument 'ament_cmake_args' from command line to 'None'
[2.204s] Level 5:colcon.colcon_core.verb:set package 'my_bot' build argument 'catkin_cmake_args' from command line to 'None'
[2.204s] Level 5:colcon.colcon_core.verb:set package 'my_bot' build argument 'catkin_skip_building_tests' from command line to 'False'
[2.204s] DEBUG:colcon.colcon_core.verb:Building package 'my_bot' with the following arguments: {'ament_cmake_args': None, 'build_base': '/home/jaj/dev_ws/src/my_bot/build/my_bot', 'catkin_cmake_args': None, 'catkin_skip_building_tests': False, 'cmake_args': None, 'cmake_clean_cache': False, 'cmake_clean_first': False, 'cmake_force_configure': False, 'cmake_target': None, 'cmake_target_skip_unavailable': False, 'install_base': '/home/jaj/dev_ws/src/my_bot/install/my_bot', 'merge_install': False, 'path': '/home/jaj/dev_ws/src/my_bot', 'symlink_install': True, 'test_result_base': None}
[2.205s] INFO:colcon.colcon_core.executor:Executing jobs using 'parallel' executor
[2.208s] DEBUG:colcon.colcon_parallel_executor.executor.parallel:run_until_complete
[2.209s] INFO:colcon.colcon_ros.task.ament_cmake.build:Building ROS package in '/home/jaj/dev_ws/src/my_bot' with build type 'ament_cmake'
[2.210s] INFO:colcon.colcon_cmake.task.cmake.build:Building CMake package in '/home/jaj/dev_ws/src/my_bot'
[2.221s] INFO:colcon.colcon_core.plugin_system:Skipping extension 'colcon_core.shell.bat': Not used on non-Windows systems
[2.222s] INFO:colcon.colcon_core.shell:Skip shell extension 'powershell' for command environment: Not usable outside of PowerShell
[2.223s] DEBUG:colcon.colcon_core.shell:Skip shell extension 'dsv' for command environment
[2.279s] DEBUG:colcon.colcon_core.event_handler.log_command:Invoking command in '/home/jaj/dev_ws/src/my_bot/build/my_bot': CMAKE_PREFIX_PATH=${CMAKE_PREFIX_PATH}:/opt/ros/humble /usr/bin/cmake --build /home/jaj/dev_ws/src/my_bot/build/my_bot -- -j4 -l4
[2.492s] DEBUG:colcon.colcon_core.event_handler.log_command:Invoked command in '/home/jaj/dev_ws/src/my_bot/build/my_bot' returned '0': CMAKE_PREFIX_PATH=${CMAKE_PREFIX_PATH}:/opt/ros/humble /usr/bin/cmake --build /home/jaj/dev_ws/src/my_bot/build/my_bot -- -j4 -l4
[2.535s] DEBUG:colcon.colcon_core.event_handler.log_command:Invoking command in '/home/jaj/dev_ws/src/my_bot/build/my_bot': CMAKE_PREFIX_PATH=${CMAKE_PREFIX_PATH}:/opt/ros/humble /usr/bin/cmake --install /home/jaj/dev_ws/src/my_bot/build/my_bot
[2.645s] Level 1:colcon.colcon_core.environment:create_environment_scripts_only(my_bot)
[2.649s] DEBUG:colcon.colcon_core.event_handler.log_command:Invoked command in '/home/jaj/dev_ws/src/my_bot/build/my_bot' returned '0': CMAKE_PREFIX_PATH=${CMAKE_PREFIX_PATH}:/opt/ros/humble /usr/bin/cmake --install /home/jaj/dev_ws/src/my_bot/build/my_bot
[2.661s] Level 1:colcon.colcon_core.environment:checking '/home/jaj/dev_ws/src/my_bot/install/my_bot' for CMake module files
[2.665s] Level 1:colcon.colcon_core.environment:checking '/home/jaj/dev_ws/src/my_bot/install/my_bot' for CMake config files
[2.667s] Level 1:colcon.colcon_core.shell:create_environment_hook('my_bot', 'cmake_prefix_path')
[2.668s] INFO:colcon.colcon_core.shell:Creating environment hook '/home/jaj/dev_ws/src/my_bot/install/my_bot/share/my_bot/hook/cmake_prefix_path.ps1'
[2.672s] INFO:colcon.colcon_core.shell:Creating environment descriptor '/home/jaj/dev_ws/src/my_bot/install/my_bot/share/my_bot/hook/cmake_prefix_path.dsv'
[2.675s] INFO:colcon.colcon_core.shell:Creating environment hook '/home/jaj/dev_ws/src/my_bot/install/my_bot/share/my_bot/hook/cmake_prefix_path.sh'
[2.681s] Level 1:colcon.colcon_core.environment:checking '/home/jaj/dev_ws/src/my_bot/install/my_bot/bin'
[2.682s] Level 1:colcon.colcon_core.environment:checking '/home/jaj/dev_ws/src/my_bot/install/my_bot/lib/pkgconfig/my_bot.pc'
[2.683s] Level 1:colcon.colcon_core.environment:checking '/home/jaj/dev_ws/src/my_bot/install/my_bot/lib/python3.10/site-packages'
[2.684s] Level 1:colcon.colcon_core.environment:checking '/home/jaj/dev_ws/src/my_bot/install/my_bot/bin'
[2.686s] INFO:colcon.colcon_core.shell:Creating package script '/home/jaj/dev_ws/src/my_bot/install/my_bot/share/my_bot/package.ps1'
[2.690s] INFO:colcon.colcon_core.shell:Creating package descriptor '/home/jaj/dev_ws/src/my_bot/install/my_bot/share/my_bot/package.dsv'
[2.693s] INFO:colcon.colcon_core.shell:Creating package script '/home/jaj/dev_ws/src/my_bot/install/my_bot/share/my_bot/package.sh'
[2.696s] INFO:colcon.colcon_core.shell:Creating package script '/home/jaj/dev_ws/src/my_bot/install/my_bot/share/my_bot/package.bash'
[2.701s] INFO:colcon.colcon_core.shell:Creating package script '/home/jaj/dev_ws/src/my_bot/install/my_bot/share/my_bot/package.zsh'
[2.705s] Level 1:colcon.colcon_core.environment:create_file_with_runtime_dependencies(/home/jaj/dev_ws/src/my_bot/install/my_bot/share/colcon-core/packages/my_bot)
[2.709s] Level 1:colcon.colcon_core.environment:create_environment_scripts_only(my_bot)
[2.710s] Level 1:colcon.colcon_core.environment:checking '/home/jaj/dev_ws/src/my_bot/install/my_bot' for CMake module files
[2.714s] Level 1:colcon.colcon_core.environment:checking '/home/jaj/dev_ws/src/my_bot/install/my_bot' for CMake config files
[2.716s] Level 1:colcon.colcon_core.shell:create_environment_hook('my_bot', 'cmake_prefix_path')
[2.717s] INFO:colcon.colcon_core.shell:Creating environment hook '/home/jaj/dev_ws/src/my_bot/install/my_bot/share/my_bot/hook/cmake_prefix_path.ps1'
[2.719s] INFO:colcon.colcon_core.shell:Creating environment descriptor '/home/jaj/dev_ws/src/my_bot/install/my_bot/share/my_bot/hook/cmake_prefix_path.dsv'
[2.722s] INFO:colcon.colcon_core.shell:Creating environment hook '/home/jaj/dev_ws/src/my_bot/install/my_bot/share/my_bot/hook/cmake_prefix_path.sh'
[2.725s] Level 1:colcon.colcon_core.environment:checking '/home/jaj/dev_ws/src/my_bot/install/my_bot/bin'
[2.726s] Level 1:colcon.colcon_core.environment:checking '/home/jaj/dev_ws/src/my_bot/install/my_bot/lib/pkgconfig/my_bot.pc'
[2.727s] Level 1:colcon.colcon_core.environment:checking '/home/jaj/dev_ws/src/my_bot/install/my_bot/lib/python3.10/site-packages'
[2.729s] Level 1:colcon.colcon_core.environment:checking '/home/jaj/dev_ws/src/my_bot/install/my_bot/bin'
[2.730s] INFO:colcon.colcon_core.shell:Creating package script '/home/jaj/dev_ws/src/my_bot/install/my_bot/share/my_bot/package.ps1'
[2.733s] INFO:colcon.colcon_core.shell:Creating package descriptor '/home/jaj/dev_ws/src/my_bot/install/my_bot/share/my_bot/package.dsv'
[2.736s] INFO:colcon.colcon_core.shell:Creating package script '/home/jaj/dev_ws/src/my_bot/install/my_bot/share/my_bot/package.sh'
[2.738s] INFO:colcon.colcon_core.shell:Creating package script '/home/jaj/dev_ws/src/my_bot/install/my_bot/share/my_bot/package.bash'
[2.742s] INFO:colcon.colcon_core.shell:Creating package script '/home/jaj/dev_ws/src/my_bot/install/my_bot/share/my_bot/package.zsh'
[2.745s] Level 1:colcon.colcon_core.environment:create_file_with_runtime_dependencies(/home/jaj/dev_ws/src/my_bot/install/my_bot/share/colcon-core/packages/my_bot)
[2.747s] DEBUG:colcon.colcon_parallel_executor.executor.parallel:closing loop
[2.751s] DEBUG:colcon.colcon_parallel_executor.executor.parallel:loop closed
[2.752s] DEBUG:colcon.colcon_parallel_executor.executor.parallel:run_until_complete finished with '0'
[2.752s] DEBUG:colcon.colcon_core.event_reactor:joining thread
[2.778s] INFO:colcon.colcon_core.plugin_system:Skipping extension 'colcon_notification.desktop_notification.terminal_notifier': Not used on non-Darwin systems
[2.779s] INFO:colcon.colcon_core.plugin_system:Skipping extension 'colcon_notification.desktop_notification.win32': Not used on non-Windows systems
[2.779s] INFO:colcon.colcon_notification.desktop_notification:Sending desktop notification using 'notify2'
[2.824s] DEBUG:colcon.colcon_core.event_reactor:joined thread
[2.826s] INFO:colcon.colcon_core.shell:Creating prefix script '/home/jaj/dev_ws/src/my_bot/install/local_setup.ps1'
[2.832s] INFO:colcon.colcon_core.shell:Creating prefix util module '/home/jaj/dev_ws/src/my_bot/install/_local_setup_util_ps1.py'
[2.841s] INFO:colcon.colcon_core.shell:Creating prefix chain script '/home/jaj/dev_ws/src/my_bot/install/setup.ps1'
[2.848s] INFO:colcon.colcon_core.shell:Creating prefix script '/home/jaj/dev_ws/src/my_bot/install/local_setup.sh'
[2.851s] INFO:colcon.colcon_core.shell:Creating prefix util module '/home/jaj/dev_ws/src/my_bot/install/_local_setup_util_sh.py'
[2.855s] INFO:colcon.colcon_core.shell:Creating prefix chain script '/home/jaj/dev_ws/src/my_bot/install/setup.sh'
[2.862s] INFO:colcon.colcon_core.shell:Creating prefix script '/home/jaj/dev_ws/src/my_bot/install/local_setup.bash'
[2.865s] INFO:colcon.colcon_core.shell:Creating prefix chain script '/home/jaj/dev_ws/src/my_bot/install/setup.bash'
[2.873s] INFO:colcon.colcon_core.shell:Creating prefix script '/home/jaj/dev_ws/src/my_bot/install/local_setup.zsh'
[2.877s] INFO:colcon.colcon_core.shell:Creating prefix chain script '/home/jaj/dev_ws/src/my_bot/install/setup.zsh'
