[0.734s] DEBUG:colcon:Command line arguments: ['/usr/bin/colcon', 'build', '--symlink-install']
[0.735s] DEBUG:colcon:Parsed command line arguments: Namespace(log_base=None, log_level=None, verb_name='build', build_base='build', install_base='install', merge_install=False, symlink_install=True, test_result_base=None, continue_on_error=False, executor='parallel', parallel_workers=4, event_handlers=None, ignore_user_meta=False, metas=['./colcon.meta'], base_paths=['.'], packages_ignore=None, packages_ignore_regex=None, paths=None, packages_up_to=None, packages_up_to_regex=None, packages_above=None, packages_above_and_dependencies=None, packages_above_depth=None, packages_select_by_dep=None, packages_skip_by_dep=None, packages_skip_up_to=None, packages_select_build_failed=False, packages_skip_build_finished=False, packages_select_test_failures=False, packages_skip_test_passed=False, packages_select=None, packages_skip=None, packages_select_regex=None, packages_skip_regex=None, packages_start=None, packages_end=None, allow_overriding=[], cmake_args=None, cmake_target=None, cmake_target_skip_unavailable=False, cmake_clean_cache=False, cmake_clean_first=False, cmake_force_configure=False, ament_cmake_args=None, catkin_cmake_args=None, catkin_skip_building_tests=False, mixin_files=None, mixin=None, verb_parser=<colcon_mixin.mixin.mixin_argument.MixinArgumentDecorator object at 0xffff98afe410>, verb_extension=<colcon_core.verb.build.BuildVerb object at 0xffff98afdf60>, main=<bound method BuildVerb.main of <colcon_core.verb.build.BuildVerb object at 0xffff98afdf60>>, mixin_verb=('build',))
[2.402s] Level 1:colcon.colcon_core.package_discovery:discover_packages(colcon_meta) check parameters
[2.403s] Level 1:colcon.colcon_core.package_discovery:discover_packages(recursive) check parameters
[2.403s] Level 1:colcon.colcon_core.package_discovery:discover_packages(ignore) check parameters
[2.403s] Level 1:colcon.colcon_core.package_discovery:discover_packages(path) check parameters
[2.404s] Level 1:colcon.colcon_core.package_discovery:discover_packages(colcon_meta) discover
[2.404s] Level 1:colcon.colcon_core.package_discovery:discover_packages(recursive) discover
[2.404s] INFO:colcon.colcon_core.package_discovery:Crawling recursively for packages in '/home/jaj/dev_ws/src/my_bot'
[2.405s] Level 1:colcon.colcon_core.package_identification:_identify(.) by extensions ['ignore', 'ignore_ament_install']
[2.406s] Level 1:colcon.colcon_core.package_identification:_identify(.) by extension 'ignore'
[2.406s] Level 1:colcon.colcon_core.package_identification:_identify(.) by extension 'ignore_ament_install'
[2.407s] Level 1:colcon.colcon_core.package_identification:_identify(.) by extensions ['colcon_pkg']
[2.407s] Level 1:colcon.colcon_core.package_identification:_identify(.) by extension 'colcon_pkg'
[2.407s] Level 1:colcon.colcon_core.package_identification:_identify(.) by extensions ['colcon_meta']
[2.408s] Level 1:colcon.colcon_core.package_identification:_identify(.) by extension 'colcon_meta'
[2.408s] Level 1:colcon.colcon_core.package_identification:_identify(.) by extensions ['ros']
[2.408s] Level 1:colcon.colcon_core.package_identification:_identify(.) by extension 'ros'
[2.479s] DEBUG:colcon.colcon_core.package_identification:Package '.' with type 'ros.ament_cmake' and name 'my_bot'
[2.479s] Level 1:colcon.colcon_core.package_discovery:discover_packages(recursive) using defaults
[2.480s] Level 1:colcon.colcon_core.package_discovery:discover_packages(ignore) discover
[2.480s] Level 1:colcon.colcon_core.package_discovery:discover_packages(ignore) using defaults
[2.480s] Level 1:colcon.colcon_core.package_discovery:discover_packages(path) discover
[2.480s] Level 1:colcon.colcon_core.package_discovery:discover_packages(path) using defaults
[2.628s] Level 1:colcon.colcon_core.package_discovery:discover_packages(prefix_path) check parameters
[2.629s] Level 1:colcon.colcon_core.package_discovery:discover_packages(prefix_path) discover
[2.641s] DEBUG:colcon.colcon_installed_package_information.package_discovery:Found 1 installed packages in /home/jaj/dev_ws/src/my_bot/install
[2.644s] DEBUG:colcon.colcon_installed_package_information.package_discovery:Found 1 installed packages in /home/jaj/dev_ws/install
[2.648s] DEBUG:colcon.colcon_installed_package_information.package_discovery:Found 1 installed packages in /home/jaj/ros2_ws/install
[2.660s] DEBUG:colcon.colcon_installed_package_information.package_discovery:Found 342 installed packages in /opt/ros/humble
[2.669s] Level 1:colcon.colcon_core.package_discovery:discover_packages(prefix_path) using defaults
[2.975s] Level 5:colcon.colcon_core.verb:set package 'my_bot' build argument 'cmake_args' from command line to 'None'
[2.975s] Level 5:colcon.colcon_core.verb:set package 'my_bot' build argument 'cmake_target' from command line to 'None'
[2.976s] Level 5:colcon.colcon_core.verb:set package 'my_bot' build argument 'cmake_target_skip_unavailable' from command line to 'False'
[2.976s] Level 5:colcon.colcon_core.verb:set package 'my_bot' build argument 'cmake_clean_cache' from command line to 'False'
[2.976s] Level 5:colcon.colcon_core.verb:set package 'my_bot' build argument 'cmake_clean_first' from command line to 'False'
[2.976s] Level 5:colcon.colcon_core.verb:set package 'my_bot' build argument 'cmake_force_configure' from command line to 'False'
[2.976s] Level 5:colcon.colcon_core.verb:set package 'my_bot' build argument 'ament_cmake_args' from command line to 'None'
[2.976s] Level 5:colcon.colcon_core.verb:set package 'my_bot' build argument 'catkin_cmake_args' from command line to 'None'
[2.977s] Level 5:colcon.colcon_core.verb:set package 'my_bot' build argument 'catkin_skip_building_tests' from command line to 'False'
[2.977s] DEBUG:colcon.colcon_core.verb:Building package 'my_bot' with the following arguments: {'ament_cmake_args': None, 'build_base': '/home/jaj/dev_ws/src/my_bot/build/my_bot', 'catkin_cmake_args': None, 'catkin_skip_building_tests': False, 'cmake_args': None, 'cmake_clean_cache': False, 'cmake_clean_first': False, 'cmake_force_configure': False, 'cmake_target': None, 'cmake_target_skip_unavailable': False, 'install_base': '/home/jaj/dev_ws/src/my_bot/install/my_bot', 'merge_install': False, 'path': '/home/jaj/dev_ws/src/my_bot', 'symlink_install': True, 'test_result_base': None}
[2.978s] INFO:colcon.colcon_core.executor:Executing jobs using 'parallel' executor
[2.982s] DEBUG:colcon.colcon_parallel_executor.executor.parallel:run_until_complete
[2.983s] INFO:colcon.colcon_ros.task.ament_cmake.build:Building ROS package in '/home/jaj/dev_ws/src/my_bot' with build type 'ament_cmake'
[2.984s] INFO:colcon.colcon_cmake.task.cmake.build:Building CMake package in '/home/jaj/dev_ws/src/my_bot'
[2.998s] INFO:colcon.colcon_core.plugin_system:Skipping extension 'colcon_core.shell.bat': Not used on non-Windows systems
[2.999s] INFO:colcon.colcon_core.shell:Skip shell extension 'powershell' for command environment: Not usable outside of PowerShell
[2.999s] DEBUG:colcon.colcon_core.shell:Skip shell extension 'dsv' for command environment
[3.077s] DEBUG:colcon.colcon_core.event_handler.log_command:Invoking command in '/home/jaj/dev_ws/src/my_bot/build/my_bot': CMAKE_PREFIX_PATH=${CMAKE_PREFIX_PATH}:/opt/ros/humble /usr/bin/cmake --build /home/jaj/dev_ws/src/my_bot/build/my_bot -- -j4 -l4
[3.362s] DEBUG:colcon.colcon_core.event_handler.log_command:Invoked command in '/home/jaj/dev_ws/src/my_bot/build/my_bot' returned '0': CMAKE_PREFIX_PATH=${CMAKE_PREFIX_PATH}:/opt/ros/humble /usr/bin/cmake --build /home/jaj/dev_ws/src/my_bot/build/my_bot -- -j4 -l4
[3.417s] DEBUG:colcon.colcon_core.event_handler.log_command:Invoking command in '/home/jaj/dev_ws/src/my_bot/build/my_bot': CMAKE_PREFIX_PATH=${CMAKE_PREFIX_PATH}:/opt/ros/humble /usr/bin/cmake --install /home/jaj/dev_ws/src/my_bot/build/my_bot
[3.594s] Level 1:colcon.colcon_core.environment:create_environment_scripts_only(my_bot)
[3.596s] DEBUG:colcon.colcon_core.event_handler.log_command:Invoked command in '/home/jaj/dev_ws/src/my_bot/build/my_bot' returned '0': CMAKE_PREFIX_PATH=${CMAKE_PREFIX_PATH}:/opt/ros/humble /usr/bin/cmake --install /home/jaj/dev_ws/src/my_bot/build/my_bot
[3.612s] Level 1:colcon.colcon_core.environment:checking '/home/jaj/dev_ws/src/my_bot/install/my_bot' for CMake module files
[3.615s] Level 1:colcon.colcon_core.environment:checking '/home/jaj/dev_ws/src/my_bot/install/my_bot' for CMake config files
[3.618s] Level 1:colcon.colcon_core.shell:create_environment_hook('my_bot', 'cmake_prefix_path')
[3.619s] INFO:colcon.colcon_core.shell:Creating environment hook '/home/jaj/dev_ws/src/my_bot/install/my_bot/share/my_bot/hook/cmake_prefix_path.ps1'
[3.624s] INFO:colcon.colcon_core.shell:Creating environment descriptor '/home/jaj/dev_ws/src/my_bot/install/my_bot/share/my_bot/hook/cmake_prefix_path.dsv'
[3.628s] INFO:colcon.colcon_core.shell:Creating environment hook '/home/jaj/dev_ws/src/my_bot/install/my_bot/share/my_bot/hook/cmake_prefix_path.sh'
[3.633s] Level 1:colcon.colcon_core.environment:checking '/home/jaj/dev_ws/src/my_bot/install/my_bot/bin'
[3.634s] Level 1:colcon.colcon_core.environment:checking '/home/jaj/dev_ws/src/my_bot/install/my_bot/lib/pkgconfig/my_bot.pc'
[3.635s] Level 1:colcon.colcon_core.environment:checking '/home/jaj/dev_ws/src/my_bot/install/my_bot/lib/python3.10/site-packages'
[3.637s] Level 1:colcon.colcon_core.environment:checking '/home/jaj/dev_ws/src/my_bot/install/my_bot/bin'
[3.639s] INFO:colcon.colcon_core.shell:Creating package script '/home/jaj/dev_ws/src/my_bot/install/my_bot/share/my_bot/package.ps1'
[3.643s] INFO:colcon.colcon_core.shell:Creating package descriptor '/home/jaj/dev_ws/src/my_bot/install/my_bot/share/my_bot/package.dsv'
[3.646s] INFO:colcon.colcon_core.shell:Creating package script '/home/jaj/dev_ws/src/my_bot/install/my_bot/share/my_bot/package.sh'
[3.651s] INFO:colcon.colcon_core.shell:Creating package script '/home/jaj/dev_ws/src/my_bot/install/my_bot/share/my_bot/package.bash'
[3.655s] INFO:colcon.colcon_core.shell:Creating package script '/home/jaj/dev_ws/src/my_bot/install/my_bot/share/my_bot/package.zsh'
[3.660s] Level 1:colcon.colcon_core.environment:create_file_with_runtime_dependencies(/home/jaj/dev_ws/src/my_bot/install/my_bot/share/colcon-core/packages/my_bot)
[3.664s] Level 1:colcon.colcon_core.environment:create_environment_scripts_only(my_bot)
[3.665s] Level 1:colcon.colcon_core.environment:checking '/home/jaj/dev_ws/src/my_bot/install/my_bot' for CMake module files
[3.669s] Level 1:colcon.colcon_core.environment:checking '/home/jaj/dev_ws/src/my_bot/install/my_bot' for CMake config files
[3.671s] Level 1:colcon.colcon_core.shell:create_environment_hook('my_bot', 'cmake_prefix_path')
[3.672s] INFO:colcon.colcon_core.shell:Creating environment hook '/home/jaj/dev_ws/src/my_bot/install/my_bot/share/my_bot/hook/cmake_prefix_path.ps1'
[3.675s] INFO:colcon.colcon_core.shell:Creating environment descriptor '/home/jaj/dev_ws/src/my_bot/install/my_bot/share/my_bot/hook/cmake_prefix_path.dsv'
[3.678s] INFO:colcon.colcon_core.shell:Creating environment hook '/home/jaj/dev_ws/src/my_bot/install/my_bot/share/my_bot/hook/cmake_prefix_path.sh'
[3.681s] Level 1:colcon.colcon_core.environment:checking '/home/jaj/dev_ws/src/my_bot/install/my_bot/bin'
[3.682s] Level 1:colcon.colcon_core.environment:checking '/home/jaj/dev_ws/src/my_bot/install/my_bot/lib/pkgconfig/my_bot.pc'
[3.683s] Level 1:colcon.colcon_core.environment:checking '/home/jaj/dev_ws/src/my_bot/install/my_bot/lib/python3.10/site-packages'
[3.685s] Level 1:colcon.colcon_core.environment:checking '/home/jaj/dev_ws/src/my_bot/install/my_bot/bin'
[3.688s] INFO:colcon.colcon_core.shell:Creating package script '/home/jaj/dev_ws/src/my_bot/install/my_bot/share/my_bot/package.ps1'
[3.691s] INFO:colcon.colcon_core.shell:Creating package descriptor '/home/jaj/dev_ws/src/my_bot/install/my_bot/share/my_bot/package.dsv'
[3.694s] INFO:colcon.colcon_core.shell:Creating package script '/home/jaj/dev_ws/src/my_bot/install/my_bot/share/my_bot/package.sh'
[3.697s] INFO:colcon.colcon_core.shell:Creating package script '/home/jaj/dev_ws/src/my_bot/install/my_bot/share/my_bot/package.bash'
[3.700s] INFO:colcon.colcon_core.shell:Creating package script '/home/jaj/dev_ws/src/my_bot/install/my_bot/share/my_bot/package.zsh'
[3.703s] Level 1:colcon.colcon_core.environment:create_file_with_runtime_dependencies(/home/jaj/dev_ws/src/my_bot/install/my_bot/share/colcon-core/packages/my_bot)
[3.705s] DEBUG:colcon.colcon_parallel_executor.executor.parallel:closing loop
[3.708s] DEBUG:colcon.colcon_parallel_executor.executor.parallel:loop closed
[3.708s] DEBUG:colcon.colcon_parallel_executor.executor.parallel:run_until_complete finished with '0'
[3.709s] DEBUG:colcon.colcon_core.event_reactor:joining thread
[3.740s] INFO:colcon.colcon_core.plugin_system:Skipping extension 'colcon_notification.desktop_notification.terminal_notifier': Not used on non-Darwin systems
[3.741s] INFO:colcon.colcon_core.plugin_system:Skipping extension 'colcon_notification.desktop_notification.win32': Not used on non-Windows systems
[3.741s] INFO:colcon.colcon_notification.desktop_notification:Sending desktop notification using 'notify2'
[3.774s] DEBUG:colcon.colcon_core.event_reactor:joined thread
[3.776s] INFO:colcon.colcon_core.shell:Creating prefix script '/home/jaj/dev_ws/src/my_bot/install/local_setup.ps1'
[3.784s] INFO:colcon.colcon_core.shell:Creating prefix util module '/home/jaj/dev_ws/src/my_bot/install/_local_setup_util_ps1.py'
[3.794s] INFO:colcon.colcon_core.shell:Creating prefix chain script '/home/jaj/dev_ws/src/my_bot/install/setup.ps1'
[3.804s] INFO:colcon.colcon_core.shell:Creating prefix script '/home/jaj/dev_ws/src/my_bot/install/local_setup.sh'
[3.808s] INFO:colcon.colcon_core.shell:Creating prefix util module '/home/jaj/dev_ws/src/my_bot/install/_local_setup_util_sh.py'
[3.812s] INFO:colcon.colcon_core.shell:Creating prefix chain script '/home/jaj/dev_ws/src/my_bot/install/setup.sh'
[3.819s] INFO:colcon.colcon_core.shell:Creating prefix script '/home/jaj/dev_ws/src/my_bot/install/local_setup.bash'
[3.824s] INFO:colcon.colcon_core.shell:Creating prefix chain script '/home/jaj/dev_ws/src/my_bot/install/setup.bash'
[3.833s] INFO:colcon.colcon_core.shell:Creating prefix script '/home/jaj/dev_ws/src/my_bot/install/local_setup.zsh'
[3.836s] INFO:colcon.colcon_core.shell:Creating prefix chain script '/home/jaj/dev_ws/src/my_bot/install/setup.zsh'
