[0.561s] DEBUG:colcon:Command line arguments: ['/usr/bin/colcon', 'build', '--symlink-install']
[0.562s] DEBUG:colcon:Parsed command line arguments: Namespace(log_base=None, log_level=None, verb_name='build', build_base='build', install_base='install', merge_install=False, symlink_install=True, test_result_base=None, continue_on_error=False, executor='parallel', parallel_workers=4, event_handlers=None, ignore_user_meta=False, metas=['./colcon.meta'], base_paths=['.'], packages_ignore=None, packages_ignore_regex=None, paths=None, packages_up_to=None, packages_up_to_regex=None, packages_above=None, packages_above_and_dependencies=None, packages_above_depth=None, packages_select_by_dep=None, packages_skip_by_dep=None, packages_skip_up_to=None, packages_select_build_failed=False, packages_skip_build_finished=False, packages_select_test_failures=False, packages_skip_test_passed=False, packages_select=None, packages_skip=None, packages_select_regex=None, packages_skip_regex=None, packages_start=None, packages_end=None, allow_overriding=[], cmake_args=None, cmake_target=None, cmake_target_skip_unavailable=False, cmake_clean_cache=False, cmake_clean_first=False, cmake_force_configure=False, ament_cmake_args=None, catkin_cmake_args=None, catkin_skip_building_tests=False, mixin_files=None, mixin=None, verb_parser=<colcon_mixin.mixin.mixin_argument.MixinArgumentDecorator object at 0xffffac4e64a0>, verb_extension=<colcon_core.verb.build.BuildVerb object at 0xffffac4e5ff0>, main=<bound method BuildVerb.main of <colcon_core.verb.build.BuildVerb object at 0xffffac4e5ff0>>, mixin_verb=('build',))
[1.685s] Level 1:colcon.colcon_core.package_discovery:discover_packages(colcon_meta) check parameters
[1.685s] Level 1:colcon.colcon_core.package_discovery:discover_packages(recursive) check parameters
[1.686s] Level 1:colcon.colcon_core.package_discovery:discover_packages(ignore) check parameters
[1.686s] Level 1:colcon.colcon_core.package_discovery:discover_packages(path) check parameters
[1.686s] Level 1:colcon.colcon_core.package_discovery:discover_packages(colcon_meta) discover
[1.686s] Level 1:colcon.colcon_core.package_discovery:discover_packages(recursive) discover
[1.686s] INFO:colcon.colcon_core.package_discovery:Crawling recursively for packages in '/home/jaj/dev_ws/src/my_bot'
[1.687s] Level 1:colcon.colcon_core.package_identification:_identify(.) by extensions ['ignore', 'ignore_ament_install']
[1.687s] Level 1:colcon.colcon_core.package_identification:_identify(.) by extension 'ignore'
[1.688s] Level 1:colcon.colcon_core.package_identification:_identify(.) by extension 'ignore_ament_install'
[1.688s] Level 1:colcon.colcon_core.package_identification:_identify(.) by extensions ['colcon_pkg']
[1.688s] Level 1:colcon.colcon_core.package_identification:_identify(.) by extension 'colcon_pkg'
[1.688s] Level 1:colcon.colcon_core.package_identification:_identify(.) by extensions ['colcon_meta']
[1.688s] Level 1:colcon.colcon_core.package_identification:_identify(.) by extension 'colcon_meta'
[1.689s] Level 1:colcon.colcon_core.package_identification:_identify(.) by extensions ['ros']
[1.689s] Level 1:colcon.colcon_core.package_identification:_identify(.) by extension 'ros'
[1.748s] DEBUG:colcon.colcon_core.package_identification:Package '.' with type 'ros.ament_cmake' and name 'my_bot'
[1.749s] Level 1:colcon.colcon_core.package_discovery:discover_packages(recursive) using defaults
[1.749s] Level 1:colcon.colcon_core.package_discovery:discover_packages(ignore) discover
[1.749s] Level 1:colcon.colcon_core.package_discovery:discover_packages(ignore) using defaults
[1.749s] Level 1:colcon.colcon_core.package_discovery:discover_packages(path) discover
[1.749s] Level 1:colcon.colcon_core.package_discovery:discover_packages(path) using defaults
[1.879s] Level 1:colcon.colcon_core.package_discovery:discover_packages(prefix_path) check parameters
[1.879s] Level 1:colcon.colcon_core.package_discovery:discover_packages(prefix_path) discover
[1.890s] DEBUG:colcon.colcon_installed_package_information.package_discovery:Found 1 installed packages in /home/jaj/dev_ws/src/my_bot/install
[1.892s] DEBUG:colcon.colcon_installed_package_information.package_discovery:Found 1 installed packages in /home/jaj/dev_ws/install
[1.895s] DEBUG:colcon.colcon_installed_package_information.package_discovery:Found 1 installed packages in /home/jaj/ros2_ws/install
[1.906s] DEBUG:colcon.colcon_installed_package_information.package_discovery:Found 342 installed packages in /opt/ros/humble
[1.915s] Level 1:colcon.colcon_core.package_discovery:discover_packages(prefix_path) using defaults
[2.147s] Level 5:colcon.colcon_core.verb:set package 'my_bot' build argument 'cmake_args' from command line to 'None'
[2.147s] Level 5:colcon.colcon_core.verb:set package 'my_bot' build argument 'cmake_target' from command line to 'None'
[2.147s] Level 5:colcon.colcon_core.verb:set package 'my_bot' build argument 'cmake_target_skip_unavailable' from command line to 'False'
[2.148s] Level 5:colcon.colcon_core.verb:set package 'my_bot' build argument 'cmake_clean_cache' from command line to 'False'
[2.148s] Level 5:colcon.colcon_core.verb:set package 'my_bot' build argument 'cmake_clean_first' from command line to 'False'
[2.148s] Level 5:colcon.colcon_core.verb:set package 'my_bot' build argument 'cmake_force_configure' from command line to 'False'
[2.148s] Level 5:colcon.colcon_core.verb:set package 'my_bot' build argument 'ament_cmake_args' from command line to 'None'
[2.148s] Level 5:colcon.colcon_core.verb:set package 'my_bot' build argument 'catkin_cmake_args' from command line to 'None'
[2.148s] Level 5:colcon.colcon_core.verb:set package 'my_bot' build argument 'catkin_skip_building_tests' from command line to 'False'
[2.148s] DEBUG:colcon.colcon_core.verb:Building package 'my_bot' with the following arguments: {'ament_cmake_args': None, 'build_base': '/home/jaj/dev_ws/src/my_bot/build/my_bot', 'catkin_cmake_args': None, 'catkin_skip_building_tests': False, 'cmake_args': None, 'cmake_clean_cache': False, 'cmake_clean_first': False, 'cmake_force_configure': False, 'cmake_target': None, 'cmake_target_skip_unavailable': False, 'install_base': '/home/jaj/dev_ws/src/my_bot/install/my_bot', 'merge_install': False, 'path': '/home/jaj/dev_ws/src/my_bot', 'symlink_install': True, 'test_result_base': None}
[2.149s] INFO:colcon.colcon_core.executor:Executing jobs using 'parallel' executor
[2.153s] DEBUG:colcon.colcon_parallel_executor.executor.parallel:run_until_complete
[2.154s] INFO:colcon.colcon_ros.task.ament_cmake.build:Building ROS package in '/home/jaj/dev_ws/src/my_bot' with build type 'ament_cmake'
[2.154s] INFO:colcon.colcon_cmake.task.cmake.build:Building CMake package in '/home/jaj/dev_ws/src/my_bot'
[2.166s] INFO:colcon.colcon_core.plugin_system:Skipping extension 'colcon_core.shell.bat': Not used on non-Windows systems
[2.166s] INFO:colcon.colcon_core.shell:Skip shell extension 'powershell' for command environment: Not usable outside of PowerShell
[2.167s] DEBUG:colcon.colcon_core.shell:Skip shell extension 'dsv' for command environment
[2.221s] DEBUG:colcon.colcon_core.event_handler.log_command:Invoking command in '/home/jaj/dev_ws/src/my_bot/build/my_bot': CMAKE_PREFIX_PATH=${CMAKE_PREFIX_PATH}:/opt/ros/humble /usr/bin/cmake --build /home/jaj/dev_ws/src/my_bot/build/my_bot -- -j4 -l4
[2.425s] DEBUG:colcon.colcon_core.event_handler.log_command:Invoked command in '/home/jaj/dev_ws/src/my_bot/build/my_bot' returned '0': CMAKE_PREFIX_PATH=${CMAKE_PREFIX_PATH}:/opt/ros/humble /usr/bin/cmake --build /home/jaj/dev_ws/src/my_bot/build/my_bot -- -j4 -l4
[2.467s] DEBUG:colcon.colcon_core.event_handler.log_command:Invoking command in '/home/jaj/dev_ws/src/my_bot/build/my_bot': CMAKE_PREFIX_PATH=${CMAKE_PREFIX_PATH}:/opt/ros/humble /usr/bin/cmake --install /home/jaj/dev_ws/src/my_bot/build/my_bot
[2.572s] Level 1:colcon.colcon_core.environment:create_environment_scripts_only(my_bot)
[2.574s] DEBUG:colcon.colcon_core.event_handler.log_command:Invoked command in '/home/jaj/dev_ws/src/my_bot/build/my_bot' returned '0': CMAKE_PREFIX_PATH=${CMAKE_PREFIX_PATH}:/opt/ros/humble /usr/bin/cmake --install /home/jaj/dev_ws/src/my_bot/build/my_bot
[2.588s] Level 1:colcon.colcon_core.environment:checking '/home/jaj/dev_ws/src/my_bot/install/my_bot' for CMake module files
[2.592s] Level 1:colcon.colcon_core.environment:checking '/home/jaj/dev_ws/src/my_bot/install/my_bot' for CMake config files
[2.594s] Level 1:colcon.colcon_core.shell:create_environment_hook('my_bot', 'cmake_prefix_path')
[2.595s] INFO:colcon.colcon_core.shell:Creating environment hook '/home/jaj/dev_ws/src/my_bot/install/my_bot/share/my_bot/hook/cmake_prefix_path.ps1'
[2.598s] INFO:colcon.colcon_core.shell:Creating environment descriptor '/home/jaj/dev_ws/src/my_bot/install/my_bot/share/my_bot/hook/cmake_prefix_path.dsv'
[2.601s] INFO:colcon.colcon_core.shell:Creating environment hook '/home/jaj/dev_ws/src/my_bot/install/my_bot/share/my_bot/hook/cmake_prefix_path.sh'
[2.606s] Level 1:colcon.colcon_core.environment:checking '/home/jaj/dev_ws/src/my_bot/install/my_bot/bin'
[2.606s] Level 1:colcon.colcon_core.environment:checking '/home/jaj/dev_ws/src/my_bot/install/my_bot/lib/pkgconfig/my_bot.pc'
[2.607s] Level 1:colcon.colcon_core.environment:checking '/home/jaj/dev_ws/src/my_bot/install/my_bot/lib/python3.10/site-packages'
[2.609s] Level 1:colcon.colcon_core.environment:checking '/home/jaj/dev_ws/src/my_bot/install/my_bot/bin'
[2.611s] INFO:colcon.colcon_core.shell:Creating package script '/home/jaj/dev_ws/src/my_bot/install/my_bot/share/my_bot/package.ps1'
[2.615s] INFO:colcon.colcon_core.shell:Creating package descriptor '/home/jaj/dev_ws/src/my_bot/install/my_bot/share/my_bot/package.dsv'
[2.618s] INFO:colcon.colcon_core.shell:Creating package script '/home/jaj/dev_ws/src/my_bot/install/my_bot/share/my_bot/package.sh'
[2.621s] INFO:colcon.colcon_core.shell:Creating package script '/home/jaj/dev_ws/src/my_bot/install/my_bot/share/my_bot/package.bash'
[2.625s] INFO:colcon.colcon_core.shell:Creating package script '/home/jaj/dev_ws/src/my_bot/install/my_bot/share/my_bot/package.zsh'
[2.628s] Level 1:colcon.colcon_core.environment:create_file_with_runtime_dependencies(/home/jaj/dev_ws/src/my_bot/install/my_bot/share/colcon-core/packages/my_bot)
[2.632s] Level 1:colcon.colcon_core.environment:create_environment_scripts_only(my_bot)
[2.633s] Level 1:colcon.colcon_core.environment:checking '/home/jaj/dev_ws/src/my_bot/install/my_bot' for CMake module files
[2.636s] Level 1:colcon.colcon_core.environment:checking '/home/jaj/dev_ws/src/my_bot/install/my_bot' for CMake config files
[2.638s] Level 1:colcon.colcon_core.shell:create_environment_hook('my_bot', 'cmake_prefix_path')
[2.639s] INFO:colcon.colcon_core.shell:Creating environment hook '/home/jaj/dev_ws/src/my_bot/install/my_bot/share/my_bot/hook/cmake_prefix_path.ps1'
[2.641s] INFO:colcon.colcon_core.shell:Creating environment descriptor '/home/jaj/dev_ws/src/my_bot/install/my_bot/share/my_bot/hook/cmake_prefix_path.dsv'
[2.643s] INFO:colcon.colcon_core.shell:Creating environment hook '/home/jaj/dev_ws/src/my_bot/install/my_bot/share/my_bot/hook/cmake_prefix_path.sh'
[2.646s] Level 1:colcon.colcon_core.environment:checking '/home/jaj/dev_ws/src/my_bot/install/my_bot/bin'
[2.647s] Level 1:colcon.colcon_core.environment:checking '/home/jaj/dev_ws/src/my_bot/install/my_bot/lib/pkgconfig/my_bot.pc'
[2.648s] Level 1:colcon.colcon_core.environment:checking '/home/jaj/dev_ws/src/my_bot/install/my_bot/lib/python3.10/site-packages'
[2.649s] Level 1:colcon.colcon_core.environment:checking '/home/jaj/dev_ws/src/my_bot/install/my_bot/bin'
[2.651s] INFO:colcon.colcon_core.shell:Creating package script '/home/jaj/dev_ws/src/my_bot/install/my_bot/share/my_bot/package.ps1'
[2.654s] INFO:colcon.colcon_core.shell:Creating package descriptor '/home/jaj/dev_ws/src/my_bot/install/my_bot/share/my_bot/package.dsv'
[2.657s] INFO:colcon.colcon_core.shell:Creating package script '/home/jaj/dev_ws/src/my_bot/install/my_bot/share/my_bot/package.sh'
[2.660s] INFO:colcon.colcon_core.shell:Creating package script '/home/jaj/dev_ws/src/my_bot/install/my_bot/share/my_bot/package.bash'
[2.663s] INFO:colcon.colcon_core.shell:Creating package script '/home/jaj/dev_ws/src/my_bot/install/my_bot/share/my_bot/package.zsh'
[2.666s] Level 1:colcon.colcon_core.environment:create_file_with_runtime_dependencies(/home/jaj/dev_ws/src/my_bot/install/my_bot/share/colcon-core/packages/my_bot)
[2.668s] DEBUG:colcon.colcon_parallel_executor.executor.parallel:closing loop
[2.669s] DEBUG:colcon.colcon_parallel_executor.executor.parallel:loop closed
[2.670s] DEBUG:colcon.colcon_parallel_executor.executor.parallel:run_until_complete finished with '0'
[2.671s] DEBUG:colcon.colcon_core.event_reactor:joining thread
[2.700s] INFO:colcon.colcon_core.plugin_system:Skipping extension 'colcon_notification.desktop_notification.terminal_notifier': Not used on non-Darwin systems
[2.701s] INFO:colcon.colcon_core.plugin_system:Skipping extension 'colcon_notification.desktop_notification.win32': Not used on non-Windows systems
[2.702s] INFO:colcon.colcon_notification.desktop_notification:Sending desktop notification using 'notify2'
[2.729s] DEBUG:colcon.colcon_core.event_reactor:joined thread
[2.730s] INFO:colcon.colcon_core.shell:Creating prefix script '/home/jaj/dev_ws/src/my_bot/install/local_setup.ps1'
[2.735s] INFO:colcon.colcon_core.shell:Creating prefix util module '/home/jaj/dev_ws/src/my_bot/install/_local_setup_util_ps1.py'
[2.746s] INFO:colcon.colcon_core.shell:Creating prefix chain script '/home/jaj/dev_ws/src/my_bot/install/setup.ps1'
[2.754s] INFO:colcon.colcon_core.shell:Creating prefix script '/home/jaj/dev_ws/src/my_bot/install/local_setup.sh'
[2.757s] INFO:colcon.colcon_core.shell:Creating prefix util module '/home/jaj/dev_ws/src/my_bot/install/_local_setup_util_sh.py'
[2.761s] INFO:colcon.colcon_core.shell:Creating prefix chain script '/home/jaj/dev_ws/src/my_bot/install/setup.sh'
[2.769s] INFO:colcon.colcon_core.shell:Creating prefix script '/home/jaj/dev_ws/src/my_bot/install/local_setup.bash'
[2.773s] INFO:colcon.colcon_core.shell:Creating prefix chain script '/home/jaj/dev_ws/src/my_bot/install/setup.bash'
[2.782s] INFO:colcon.colcon_core.shell:Creating prefix script '/home/jaj/dev_ws/src/my_bot/install/local_setup.zsh'
[2.785s] INFO:colcon.colcon_core.shell:Creating prefix chain script '/home/jaj/dev_ws/src/my_bot/install/setup.zsh'
