[0.491s] DEBUG:colcon:Command line arguments: ['/usr/bin/colcon', 'build', '--symlink-install']
[0.491s] DEBUG:colcon:Parsed command line arguments: Namespace(log_base=None, log_level=None, verb_name='build', build_base='build', install_base='install', merge_install=False, symlink_install=True, test_result_base=None, continue_on_error=False, executor='parallel', parallel_workers=4, event_handlers=None, ignore_user_meta=False, metas=['./colcon.meta'], base_paths=['.'], packages_ignore=None, packages_ignore_regex=None, paths=None, packages_up_to=None, packages_up_to_regex=None, packages_above=None, packages_above_and_dependencies=None, packages_above_depth=None, packages_select_by_dep=None, packages_skip_by_dep=None, packages_skip_up_to=None, packages_select_build_failed=False, packages_skip_build_finished=False, packages_select_test_failures=False, packages_skip_test_passed=False, packages_select=None, packages_skip=None, packages_select_regex=None, packages_skip_regex=None, packages_start=None, packages_end=None, allow_overriding=[], cmake_args=None, cmake_target=None, cmake_target_skip_unavailable=False, cmake_clean_cache=False, cmake_clean_first=False, cmake_force_configure=False, ament_cmake_args=None, catkin_cmake_args=None, catkin_skip_building_tests=False, mixin_files=None, mixin=None, verb_parser=<colcon_mixin.mixin.mixin_argument.MixinArgumentDecorator object at 0xffff8aae64a0>, verb_extension=<colcon_core.verb.build.BuildVerb object at 0xffff8aae5ff0>, main=<bound method BuildVerb.main of <colcon_core.verb.build.BuildVerb object at 0xffff8aae5ff0>>, mixin_verb=('build',))
[1.733s] Level 1:colcon.colcon_core.package_discovery:discover_packages(colcon_meta) check parameters
[1.734s] Level 1:colcon.colcon_core.package_discovery:discover_packages(recursive) check parameters
[1.744s] Level 1:colcon.colcon_core.package_discovery:discover_packages(ignore) check parameters
[1.744s] Level 1:colcon.colcon_core.package_discovery:discover_packages(path) check parameters
[1.744s] Level 1:colcon.colcon_core.package_discovery:discover_packages(colcon_meta) discover
[1.745s] Level 1:colcon.colcon_core.package_discovery:discover_packages(recursive) discover
[1.745s] INFO:colcon.colcon_core.package_discovery:Crawling recursively for packages in '/home/jaj/dev_ws/src/my_bot'
[1.745s] Level 1:colcon.colcon_core.package_identification:_identify(.) by extensions ['ignore', 'ignore_ament_install']
[1.746s] Level 1:colcon.colcon_core.package_identification:_identify(.) by extension 'ignore'
[1.746s] Level 1:colcon.colcon_core.package_identification:_identify(.) by extension 'ignore_ament_install'
[1.746s] Level 1:colcon.colcon_core.package_identification:_identify(.) by extensions ['colcon_pkg']
[1.747s] Level 1:colcon.colcon_core.package_identification:_identify(.) by extension 'colcon_pkg'
[1.747s] Level 1:colcon.colcon_core.package_identification:_identify(.) by extensions ['colcon_meta']
[1.747s] Level 1:colcon.colcon_core.package_identification:_identify(.) by extension 'colcon_meta'
[1.747s] Level 1:colcon.colcon_core.package_identification:_identify(.) by extensions ['ros']
[1.747s] Level 1:colcon.colcon_core.package_identification:_identify(.) by extension 'ros'
[1.838s] DEBUG:colcon.colcon_core.package_identification:Package '.' with type 'ros.ament_cmake' and name 'my_bot'
[1.838s] Level 1:colcon.colcon_core.package_discovery:discover_packages(recursive) using defaults
[1.838s] Level 1:colcon.colcon_core.package_discovery:discover_packages(ignore) discover
[1.839s] Level 1:colcon.colcon_core.package_discovery:discover_packages(ignore) using defaults
[1.839s] Level 1:colcon.colcon_core.package_discovery:discover_packages(path) discover
[1.839s] Level 1:colcon.colcon_core.package_discovery:discover_packages(path) using defaults
[1.963s] Level 1:colcon.colcon_core.package_discovery:discover_packages(prefix_path) check parameters
[1.963s] Level 1:colcon.colcon_core.package_discovery:discover_packages(prefix_path) discover
[1.972s] DEBUG:colcon.colcon_installed_package_information.package_discovery:Found 1 installed packages in /home/jaj/dev_ws/src/my_bot/install
[1.974s] DEBUG:colcon.colcon_installed_package_information.package_discovery:Found 1 installed packages in /home/jaj/dev_ws/install
[1.976s] DEBUG:colcon.colcon_installed_package_information.package_discovery:Found 1 installed packages in /home/jaj/ros2_ws/install
[1.987s] DEBUG:colcon.colcon_installed_package_information.package_discovery:Found 342 installed packages in /opt/ros/humble
[1.995s] Level 1:colcon.colcon_core.package_discovery:discover_packages(prefix_path) using defaults
[2.210s] Level 5:colcon.colcon_core.verb:set package 'my_bot' build argument 'cmake_args' from command line to 'None'
[2.210s] Level 5:colcon.colcon_core.verb:set package 'my_bot' build argument 'cmake_target' from command line to 'None'
[2.210s] Level 5:colcon.colcon_core.verb:set package 'my_bot' build argument 'cmake_target_skip_unavailable' from command line to 'False'
[2.211s] Level 5:colcon.colcon_core.verb:set package 'my_bot' build argument 'cmake_clean_cache' from command line to 'False'
[2.211s] Level 5:colcon.colcon_core.verb:set package 'my_bot' build argument 'cmake_clean_first' from command line to 'False'
[2.211s] Level 5:colcon.colcon_core.verb:set package 'my_bot' build argument 'cmake_force_configure' from command line to 'False'
[2.211s] Level 5:colcon.colcon_core.verb:set package 'my_bot' build argument 'ament_cmake_args' from command line to 'None'
[2.211s] Level 5:colcon.colcon_core.verb:set package 'my_bot' build argument 'catkin_cmake_args' from command line to 'None'
[2.211s] Level 5:colcon.colcon_core.verb:set package 'my_bot' build argument 'catkin_skip_building_tests' from command line to 'False'
[2.211s] DEBUG:colcon.colcon_core.verb:Building package 'my_bot' with the following arguments: {'ament_cmake_args': None, 'build_base': '/home/jaj/dev_ws/src/my_bot/build/my_bot', 'catkin_cmake_args': None, 'catkin_skip_building_tests': False, 'cmake_args': None, 'cmake_clean_cache': False, 'cmake_clean_first': False, 'cmake_force_configure': False, 'cmake_target': None, 'cmake_target_skip_unavailable': False, 'install_base': '/home/jaj/dev_ws/src/my_bot/install/my_bot', 'merge_install': False, 'path': '/home/jaj/dev_ws/src/my_bot', 'symlink_install': True, 'test_result_base': None}
[2.212s] INFO:colcon.colcon_core.executor:Executing jobs using 'parallel' executor
[2.215s] DEBUG:colcon.colcon_parallel_executor.executor.parallel:run_until_complete
[2.215s] INFO:colcon.colcon_ros.task.ament_cmake.build:Building ROS package in '/home/jaj/dev_ws/src/my_bot' with build type 'ament_cmake'
[2.216s] INFO:colcon.colcon_cmake.task.cmake.build:Building CMake package in '/home/jaj/dev_ws/src/my_bot'
[2.225s] INFO:colcon.colcon_core.plugin_system:Skipping extension 'colcon_core.shell.bat': Not used on non-Windows systems
[2.225s] INFO:colcon.colcon_core.shell:Skip shell extension 'powershell' for command environment: Not usable outside of PowerShell
[2.225s] DEBUG:colcon.colcon_core.shell:Skip shell extension 'dsv' for command environment
[2.275s] DEBUG:colcon.colcon_core.event_handler.log_command:Invoking command in '/home/jaj/dev_ws/src/my_bot/build/my_bot': CMAKE_PREFIX_PATH=${CMAKE_PREFIX_PATH}:/opt/ros/humble /usr/bin/cmake --build /home/jaj/dev_ws/src/my_bot/build/my_bot -- -j4 -l4
[2.520s] DEBUG:colcon.colcon_core.event_handler.log_command:Invoked command in '/home/jaj/dev_ws/src/my_bot/build/my_bot' returned '0': CMAKE_PREFIX_PATH=${CMAKE_PREFIX_PATH}:/opt/ros/humble /usr/bin/cmake --build /home/jaj/dev_ws/src/my_bot/build/my_bot -- -j4 -l4
[2.565s] DEBUG:colcon.colcon_core.event_handler.log_command:Invoking command in '/home/jaj/dev_ws/src/my_bot/build/my_bot': CMAKE_PREFIX_PATH=${CMAKE_PREFIX_PATH}:/opt/ros/humble /usr/bin/cmake --install /home/jaj/dev_ws/src/my_bot/build/my_bot
[2.667s] Level 1:colcon.colcon_core.environment:create_environment_scripts_only(my_bot)
[2.668s] DEBUG:colcon.colcon_core.event_handler.log_command:Invoked command in '/home/jaj/dev_ws/src/my_bot/build/my_bot' returned '0': CMAKE_PREFIX_PATH=${CMAKE_PREFIX_PATH}:/opt/ros/humble /usr/bin/cmake --install /home/jaj/dev_ws/src/my_bot/build/my_bot
[2.682s] Level 1:colcon.colcon_core.environment:checking '/home/jaj/dev_ws/src/my_bot/install/my_bot' for CMake module files
[2.685s] Level 1:colcon.colcon_core.environment:checking '/home/jaj/dev_ws/src/my_bot/install/my_bot' for CMake config files
[2.687s] Level 1:colcon.colcon_core.shell:create_environment_hook('my_bot', 'cmake_prefix_path')
[2.688s] INFO:colcon.colcon_core.shell:Creating environment hook '/home/jaj/dev_ws/src/my_bot/install/my_bot/share/my_bot/hook/cmake_prefix_path.ps1'
[2.690s] INFO:colcon.colcon_core.shell:Creating environment descriptor '/home/jaj/dev_ws/src/my_bot/install/my_bot/share/my_bot/hook/cmake_prefix_path.dsv'
[2.693s] INFO:colcon.colcon_core.shell:Creating environment hook '/home/jaj/dev_ws/src/my_bot/install/my_bot/share/my_bot/hook/cmake_prefix_path.sh'
[2.697s] Level 1:colcon.colcon_core.environment:checking '/home/jaj/dev_ws/src/my_bot/install/my_bot/bin'
[2.697s] Level 1:colcon.colcon_core.environment:checking '/home/jaj/dev_ws/src/my_bot/install/my_bot/lib/pkgconfig/my_bot.pc'
[2.698s] Level 1:colcon.colcon_core.environment:checking '/home/jaj/dev_ws/src/my_bot/install/my_bot/lib/python3.10/site-packages'
[2.699s] Level 1:colcon.colcon_core.environment:checking '/home/jaj/dev_ws/src/my_bot/install/my_bot/bin'
[2.700s] INFO:colcon.colcon_core.shell:Creating package script '/home/jaj/dev_ws/src/my_bot/install/my_bot/share/my_bot/package.ps1'
[2.704s] INFO:colcon.colcon_core.shell:Creating package descriptor '/home/jaj/dev_ws/src/my_bot/install/my_bot/share/my_bot/package.dsv'
[2.706s] INFO:colcon.colcon_core.shell:Creating package script '/home/jaj/dev_ws/src/my_bot/install/my_bot/share/my_bot/package.sh'
[2.709s] INFO:colcon.colcon_core.shell:Creating package script '/home/jaj/dev_ws/src/my_bot/install/my_bot/share/my_bot/package.bash'
[2.713s] INFO:colcon.colcon_core.shell:Creating package script '/home/jaj/dev_ws/src/my_bot/install/my_bot/share/my_bot/package.zsh'
[2.717s] Level 1:colcon.colcon_core.environment:create_file_with_runtime_dependencies(/home/jaj/dev_ws/src/my_bot/install/my_bot/share/colcon-core/packages/my_bot)
[2.720s] Level 1:colcon.colcon_core.environment:create_environment_scripts_only(my_bot)
[2.721s] Level 1:colcon.colcon_core.environment:checking '/home/jaj/dev_ws/src/my_bot/install/my_bot' for CMake module files
[2.723s] Level 1:colcon.colcon_core.environment:checking '/home/jaj/dev_ws/src/my_bot/install/my_bot' for CMake config files
[2.725s] Level 1:colcon.colcon_core.shell:create_environment_hook('my_bot', 'cmake_prefix_path')
[2.726s] INFO:colcon.colcon_core.shell:Creating environment hook '/home/jaj/dev_ws/src/my_bot/install/my_bot/share/my_bot/hook/cmake_prefix_path.ps1'
[2.728s] INFO:colcon.colcon_core.shell:Creating environment descriptor '/home/jaj/dev_ws/src/my_bot/install/my_bot/share/my_bot/hook/cmake_prefix_path.dsv'
[2.730s] INFO:colcon.colcon_core.shell:Creating environment hook '/home/jaj/dev_ws/src/my_bot/install/my_bot/share/my_bot/hook/cmake_prefix_path.sh'
[2.733s] Level 1:colcon.colcon_core.environment:checking '/home/jaj/dev_ws/src/my_bot/install/my_bot/bin'
[2.733s] Level 1:colcon.colcon_core.environment:checking '/home/jaj/dev_ws/src/my_bot/install/my_bot/lib/pkgconfig/my_bot.pc'
[2.734s] Level 1:colcon.colcon_core.environment:checking '/home/jaj/dev_ws/src/my_bot/install/my_bot/lib/python3.10/site-packages'
[2.735s] Level 1:colcon.colcon_core.environment:checking '/home/jaj/dev_ws/src/my_bot/install/my_bot/bin'
[2.737s] INFO:colcon.colcon_core.shell:Creating package script '/home/jaj/dev_ws/src/my_bot/install/my_bot/share/my_bot/package.ps1'
[2.740s] INFO:colcon.colcon_core.shell:Creating package descriptor '/home/jaj/dev_ws/src/my_bot/install/my_bot/share/my_bot/package.dsv'
[2.742s] INFO:colcon.colcon_core.shell:Creating package script '/home/jaj/dev_ws/src/my_bot/install/my_bot/share/my_bot/package.sh'
[2.744s] INFO:colcon.colcon_core.shell:Creating package script '/home/jaj/dev_ws/src/my_bot/install/my_bot/share/my_bot/package.bash'
[2.747s] INFO:colcon.colcon_core.shell:Creating package script '/home/jaj/dev_ws/src/my_bot/install/my_bot/share/my_bot/package.zsh'
[2.750s] Level 1:colcon.colcon_core.environment:create_file_with_runtime_dependencies(/home/jaj/dev_ws/src/my_bot/install/my_bot/share/colcon-core/packages/my_bot)
[2.752s] DEBUG:colcon.colcon_parallel_executor.executor.parallel:closing loop
[2.754s] DEBUG:colcon.colcon_parallel_executor.executor.parallel:loop closed
[2.754s] DEBUG:colcon.colcon_parallel_executor.executor.parallel:run_until_complete finished with '0'
[2.755s] DEBUG:colcon.colcon_core.event_reactor:joining thread
[2.778s] INFO:colcon.colcon_core.plugin_system:Skipping extension 'colcon_notification.desktop_notification.terminal_notifier': Not used on non-Darwin systems
[2.779s] INFO:colcon.colcon_core.plugin_system:Skipping extension 'colcon_notification.desktop_notification.win32': Not used on non-Windows systems
[2.779s] INFO:colcon.colcon_notification.desktop_notification:Sending desktop notification using 'notify2'
[2.808s] DEBUG:colcon.colcon_core.event_reactor:joined thread
[2.810s] INFO:colcon.colcon_core.shell:Creating prefix script '/home/jaj/dev_ws/src/my_bot/install/local_setup.ps1'
[2.815s] INFO:colcon.colcon_core.shell:Creating prefix util module '/home/jaj/dev_ws/src/my_bot/install/_local_setup_util_ps1.py'
[2.826s] INFO:colcon.colcon_core.shell:Creating prefix chain script '/home/jaj/dev_ws/src/my_bot/install/setup.ps1'
[2.833s] INFO:colcon.colcon_core.shell:Creating prefix script '/home/jaj/dev_ws/src/my_bot/install/local_setup.sh'
[2.836s] INFO:colcon.colcon_core.shell:Creating prefix util module '/home/jaj/dev_ws/src/my_bot/install/_local_setup_util_sh.py'
[2.839s] INFO:colcon.colcon_core.shell:Creating prefix chain script '/home/jaj/dev_ws/src/my_bot/install/setup.sh'
[2.845s] INFO:colcon.colcon_core.shell:Creating prefix script '/home/jaj/dev_ws/src/my_bot/install/local_setup.bash'
[2.847s] INFO:colcon.colcon_core.shell:Creating prefix chain script '/home/jaj/dev_ws/src/my_bot/install/setup.bash'
[2.854s] INFO:colcon.colcon_core.shell:Creating prefix script '/home/jaj/dev_ws/src/my_bot/install/local_setup.zsh'
[2.859s] INFO:colcon.colcon_core.shell:Creating prefix chain script '/home/jaj/dev_ws/src/my_bot/install/setup.zsh'
