-- Found ament_cmake: 1.3.12 (/opt/ros/humble/share/ament_cmake/cmake)
-- Override CMake install command with custom implementation using symlinks instead of copying resources
-- Found ament_lint_auto: 0.12.14 (/opt/ros/humble/share/ament_lint_auto/cmake)
-- Found rosidl_generator_c: 3.1.7 (/opt/ros/humble/share/rosidl_generator_c/cmake)
-- Found rosidl_adapter: 3.1.7 (/opt/ros/humble/share/rosidl_adapter/cmake)
-- Found rosidl_generator_cpp: 3.1.7 (/opt/ros/humble/share/rosidl_generator_cpp/cmake)
-- Using all available rosidl_typesupport_c: rosidl_typesupport_fastrtps_c;rosidl_typesupport_introspection_c
-- Using all available rosidl_typesupport_cpp: rosidl_typesupport_fastrtps_cpp;rosidl_typesupport_introspection_cpp
-- Found rmw_implementation_cmake: 6.1.2 (/opt/ros/humble/share/rmw_implementation_cmake/cmake)
-- Found rmw_fastrtps_cpp: 6.2.8 (/opt/ros/humble/share/rmw_fastrtps_cpp/cmake)
-- Found TinyXML2 via Config file: TinyXML2_DIR-NOTFOUND
-- Found TinyXML2 via Config file: TinyXML2_DIR-NOTFOUND
-- Found TinyXML2 via Config file: TinyXML2_DIR-NOTFOUND
-- Found TinyXML2 via Config file: TinyXML2_DIR-NOTFOUND
-- Using RMW implementation 'rmw_fastrtps_cpp' as default
-- Configuring done
-- Generating done
-- Build files have been written to: /home/jaj/dev_ws/src/my_bot/build/my_bot
-- Install configuration: ""
-- Execute custom install script
-- Up-to-date symlink: /home/jaj/dev_ws/src/my_bot/install/my_bot/share/my_bot/config/diff_drive_controllers.yaml
-- Up-to-date symlink: /home/jaj/dev_ws/src/my_bot/install/my_bot/share/my_bot/config/drive_bot.rviz
-- Up-to-date symlink: /home/jaj/dev_ws/src/my_bot/install/my_bot/share/my_bot/config/empty.yaml
-- Symlinking: /home/jaj/dev_ws/src/my_bot/install/my_bot/share/my_bot/config/gaz_ros2_ctl_use_sim.yaml
-- Symlinking: /home/jaj/dev_ws/src/my_bot/install/my_bot/share/my_bot/config/my_controllers.yaml
-- Symlinking: /home/jaj/dev_ws/src/my_bot/install/my_bot/share/my_bot/config/twist_mux.yaml
-- Up-to-date symlink: /home/jaj/dev_ws/src/my_bot/install/my_bot/share/my_bot/config/view_bot.rviz
-- Up-to-date symlink: /home/jaj/dev_ws/src/my_bot/install/my_bot/share/my_bot/description/gazebo_control.xacro
-- Up-to-date symlink: /home/jaj/dev_ws/src/my_bot/install/my_bot/share/my_bot/description/gz_ros2_control.xacro
-- Up-to-date symlink: /home/jaj/dev_ws/src/my_bot/install/my_bot/share/my_bot/description/inertial_macros.xacro
-- Up-to-date symlink: /home/jaj/dev_ws/src/my_bot/install/my_bot/share/my_bot/description/robot.urdf.xacro
-- Up-to-date symlink: /home/jaj/dev_ws/src/my_bot/install/my_bot/share/my_bot/description/robot_core.xacro
-- Symlinking: /home/jaj/dev_ws/src/my_bot/install/my_bot/share/my_bot/description/ros2_control.xacro
-- Up-to-date symlink: /home/jaj/dev_ws/src/my_bot/install/my_bot/share/my_bot/launch/launch_sim.launch.py
-- Up-to-date symlink: /home/jaj/dev_ws/src/my_bot/install/my_bot/share/my_bot/launch/rsp.launch.py
-- Up-to-date symlink: /home/jaj/dev_ws/src/my_bot/install/my_bot/share/my_bot/worlds/empty.world
-- Up-to-date symlink: /home/jaj/dev_ws/src/my_bot/install/my_bot/share/ament_index/resource_index/package_run_dependencies/my_bot
-- Up-to-date symlink: /home/jaj/dev_ws/src/my_bot/install/my_bot/share/ament_index/resource_index/parent_prefix_path/my_bot
-- Up-to-date symlink: /home/jaj/dev_ws/src/my_bot/install/my_bot/share/my_bot/environment/ament_prefix_path.sh
-- Up-to-date symlink: /home/jaj/dev_ws/src/my_bot/install/my_bot/share/my_bot/environment/ament_prefix_path.dsv
-- Up-to-date symlink: /home/jaj/dev_ws/src/my_bot/install/my_bot/share/my_bot/environment/path.sh
-- Up-to-date symlink: /home/jaj/dev_ws/src/my_bot/install/my_bot/share/my_bot/environment/path.dsv
-- Up-to-date symlink: /home/jaj/dev_ws/src/my_bot/install/my_bot/share/my_bot/local_setup.bash
-- Up-to-date symlink: /home/jaj/dev_ws/src/my_bot/install/my_bot/share/my_bot/local_setup.sh
-- Up-to-date symlink: /home/jaj/dev_ws/src/my_bot/install/my_bot/share/my_bot/local_setup.zsh
-- Up-to-date symlink: /home/jaj/dev_ws/src/my_bot/install/my_bot/share/my_bot/local_setup.dsv
-- Symlinking: /home/jaj/dev_ws/src/my_bot/install/my_bot/share/my_bot/package.dsv
-- Up-to-date symlink: /home/jaj/dev_ws/src/my_bot/install/my_bot/share/ament_index/resource_index/packages/my_bot
-- Up-to-date symlink: /home/jaj/dev_ws/src/my_bot/install/my_bot/share/my_bot/cmake/my_botConfig.cmake
-- Up-to-date symlink: /home/jaj/dev_ws/src/my_bot/install/my_bot/share/my_bot/cmake/my_botConfig-version.cmake
-- Up-to-date symlink: /home/jaj/dev_ws/src/my_bot/install/my_bot/share/my_bot/package.xml
