[0.066s] Invoking command in '/home/jaj/dev_ws/src/my_bot/build/my_bot': CMAKE_PREFIX_PATH=${CMAKE_PREFIX_PATH}:/opt/ros/humble /usr/bin/cmake --build /home/jaj/dev_ws/src/my_bot/build/my_bot -- -j4 -l4
[0.197s] -- Found ament_cmake: 1.3.12 (/opt/ros/humble/share/ament_cmake/cmake)
[0.833s] -- Override CMake install command with custom implementation using symlinks instead of copying resources
[0.880s] -- Found ament_lint_auto: 0.12.14 (/opt/ros/humble/share/ament_lint_auto/cmake)
[1.465s] -- Found rosidl_generator_c: 3.1.7 (/opt/ros/humble/share/rosidl_generator_c/cmake)
[1.478s] -- Found rosidl_adapter: 3.1.7 (/opt/ros/humble/share/rosidl_adapter/cmake)
[1.504s] -- Found rosidl_generator_cpp: 3.1.7 (/opt/ros/humble/share/rosidl_generator_cpp/cmake)
[1.548s] -- Using all available rosidl_typesupport_c: rosidl_typesupport_fastrtps_c;rosidl_typesupport_introspection_c
[1.605s] -- Using all available rosidl_typesupport_cpp: rosidl_typesupport_fastrtps_cpp;rosidl_typesupport_introspection_cpp
[2.540s] -- Found rmw_implementation_cmake: 6.1.2 (/opt/ros/humble/share/rmw_implementation_cmake/cmake)
[2.548s] -- Found rmw_fastrtps_cpp: 6.2.8 (/opt/ros/humble/share/rmw_fastrtps_cpp/cmake)
[2.635s] -- Found TinyXML2 via Config file: TinyXML2_DIR-NOTFOUND
[2.674s] -- Found TinyXML2 via Config file: TinyXML2_DIR-NOTFOUND
[2.775s] -- Found TinyXML2 via Config file: TinyXML2_DIR-NOTFOUND
[2.808s] -- Found TinyXML2 via Config file: TinyXML2_DIR-NOTFOUND
[2.847s] -- Using RMW implementation 'rmw_fastrtps_cpp' as default
[3.316s] -- Configuring done
[3.373s] -- Generating done
[3.394s] -- Build files have been written to: /home/jaj/dev_ws/src/my_bot/build/my_bot
[3.511s] Invoked command in '/home/jaj/dev_ws/src/my_bot/build/my_bot' returned '0': CMAKE_PREFIX_PATH=${CMAKE_PREFIX_PATH}:/opt/ros/humble /usr/bin/cmake --build /home/jaj/dev_ws/src/my_bot/build/my_bot -- -j4 -l4
[3.551s] Invoking command in '/home/jaj/dev_ws/src/my_bot/build/my_bot': CMAKE_PREFIX_PATH=${CMAKE_PREFIX_PATH}:/opt/ros/humble /usr/bin/cmake --install /home/jaj/dev_ws/src/my_bot/build/my_bot
[3.580s] -- Install configuration: ""
[3.581s] -- Execute custom install script
[3.588s] -- Up-to-date symlink: /home/jaj/dev_ws/src/my_bot/install/my_bot/share/my_bot/config/diff_drive_controllers.yaml
[3.589s] -- Up-to-date symlink: /home/jaj/dev_ws/src/my_bot/install/my_bot/share/my_bot/config/drive_bot.rviz
[3.590s] -- Up-to-date symlink: /home/jaj/dev_ws/src/my_bot/install/my_bot/share/my_bot/config/empty.yaml
[3.591s] -- Symlinking: /home/jaj/dev_ws/src/my_bot/install/my_bot/share/my_bot/config/gaz_ros2_ctl_use_sim.yaml
[3.625s] -- Symlinking: /home/jaj/dev_ws/src/my_bot/install/my_bot/share/my_bot/config/my_controllers.yaml
[3.660s] -- Symlinking: /home/jaj/dev_ws/src/my_bot/install/my_bot/share/my_bot/config/twist_mux.yaml
[3.695s] -- Up-to-date symlink: /home/jaj/dev_ws/src/my_bot/install/my_bot/share/my_bot/config/view_bot.rviz
[3.699s] -- Up-to-date symlink: /home/jaj/dev_ws/src/my_bot/install/my_bot/share/my_bot/description/gazebo_control.xacro
[3.701s] -- Up-to-date symlink: /home/jaj/dev_ws/src/my_bot/install/my_bot/share/my_bot/description/gz_ros2_control.xacro
[3.703s] -- Up-to-date symlink: /home/jaj/dev_ws/src/my_bot/install/my_bot/share/my_bot/description/inertial_macros.xacro
[3.704s] -- Up-to-date symlink: /home/jaj/dev_ws/src/my_bot/install/my_bot/share/my_bot/description/robot.urdf.xacro
[3.705s] -- Up-to-date symlink: /home/jaj/dev_ws/src/my_bot/install/my_bot/share/my_bot/description/robot_core.xacro
[3.706s] -- Symlinking: /home/jaj/dev_ws/src/my_bot/install/my_bot/share/my_bot/description/ros2_control.xacro
[3.740s] -- Up-to-date symlink: /home/jaj/dev_ws/src/my_bot/install/my_bot/share/my_bot/launch/launch_sim.launch.py
[3.741s] -- Up-to-date symlink: /home/jaj/dev_ws/src/my_bot/install/my_bot/share/my_bot/launch/rsp.launch.py
[3.743s] -- Up-to-date symlink: /home/jaj/dev_ws/src/my_bot/install/my_bot/share/my_bot/worlds/empty.world
[3.747s] -- Up-to-date symlink: /home/jaj/dev_ws/src/my_bot/install/my_bot/share/ament_index/resource_index/package_run_dependencies/my_bot
[3.750s] -- Up-to-date symlink: /home/jaj/dev_ws/src/my_bot/install/my_bot/share/ament_index/resource_index/parent_prefix_path/my_bot
[3.752s] -- Up-to-date symlink: /home/jaj/dev_ws/src/my_bot/install/my_bot/share/my_bot/environment/ament_prefix_path.sh
[3.755s] -- Up-to-date symlink: /home/jaj/dev_ws/src/my_bot/install/my_bot/share/my_bot/environment/ament_prefix_path.dsv
[3.756s] -- Up-to-date symlink: /home/jaj/dev_ws/src/my_bot/install/my_bot/share/my_bot/environment/path.sh
[3.758s] -- Up-to-date symlink: /home/jaj/dev_ws/src/my_bot/install/my_bot/share/my_bot/environment/path.dsv
[3.760s] -- Up-to-date symlink: /home/jaj/dev_ws/src/my_bot/install/my_bot/share/my_bot/local_setup.bash
[3.762s] -- Up-to-date symlink: /home/jaj/dev_ws/src/my_bot/install/my_bot/share/my_bot/local_setup.sh
[3.764s] -- Up-to-date symlink: /home/jaj/dev_ws/src/my_bot/install/my_bot/share/my_bot/local_setup.zsh
[3.766s] -- Up-to-date symlink: /home/jaj/dev_ws/src/my_bot/install/my_bot/share/my_bot/local_setup.dsv
[3.766s] -- Symlinking: /home/jaj/dev_ws/src/my_bot/install/my_bot/share/my_bot/package.dsv
[3.805s] -- Up-to-date symlink: /home/jaj/dev_ws/src/my_bot/install/my_bot/share/ament_index/resource_index/packages/my_bot
[3.807s] -- Up-to-date symlink: /home/jaj/dev_ws/src/my_bot/install/my_bot/share/my_bot/cmake/my_botConfig.cmake
[3.809s] -- Up-to-date symlink: /home/jaj/dev_ws/src/my_bot/install/my_bot/share/my_bot/cmake/my_botConfig-version.cmake
[3.810s] -- Up-to-date symlink: /home/jaj/dev_ws/src/my_bot/install/my_bot/share/my_bot/package.xml
[3.817s] Invoked command in '/home/jaj/dev_ws/src/my_bot/build/my_bot' returned '0': CMAKE_PREFIX_PATH=${CMAKE_PREFIX_PATH}:/opt/ros/humble /usr/bin/cmake --install /home/jaj/dev_ws/src/my_bot/build/my_bot
