[0.096s] Invoking command in '/home/jaj/dev_ws/src/my_bot/build/my_bot': CMAKE_PREFIX_PATH=${CMAKE_PREFIX_PATH}:/opt/ros/humble /usr/bin/cmake --build /home/jaj/dev_ws/src/my_bot/build/my_bot -- -j4 -l4
[0.385s] Invoked command in '/home/jaj/dev_ws/src/my_bot/build/my_bot' returned '0': CMAKE_PREFIX_PATH=${CMAKE_PREFIX_PATH}:/opt/ros/humble /usr/bin/cmake --build /home/jaj/dev_ws/src/my_bot/build/my_bot -- -j4 -l4
[0.425s] Invoking command in '/home/jaj/dev_ws/src/my_bot/build/my_bot': CMAKE_PREFIX_PATH=${CMAKE_PREFIX_PATH}:/opt/ros/humble /usr/bin/cmake --install /home/jaj/dev_ws/src/my_bot/build/my_bot
[0.457s] -- Install configuration: ""
[0.459s] -- Execute custom install script
[0.463s] -- Up-to-date symlink: /home/jaj/dev_ws/src/my_bot/install/my_bot/share/my_bot/config/diff_drive_controllers.yaml
[0.465s] -- Up-to-date symlink: /home/jaj/dev_ws/src/my_bot/install/my_bot/share/my_bot/config/drive_bot.rviz
[0.466s] -- Up-to-date symlink: /home/jaj/dev_ws/src/my_bot/install/my_bot/share/my_bot/config/empty.yaml
[0.467s] -- Up-to-date symlink: /home/jaj/dev_ws/src/my_bot/install/my_bot/share/my_bot/config/gaz_ros2_ctl_use_sim.yaml
[0.469s] -- Up-to-date symlink: /home/jaj/dev_ws/src/my_bot/install/my_bot/share/my_bot/config/gz_bridge.yaml
[0.470s] -- Up-to-date symlink: /home/jaj/dev_ws/src/my_bot/install/my_bot/share/my_bot/config/my_controllers.yaml
[0.472s] -- Up-to-date symlink: /home/jaj/dev_ws/src/my_bot/install/my_bot/share/my_bot/config/twist_mux.yaml
[0.473s] -- Up-to-date symlink: /home/jaj/dev_ws/src/my_bot/install/my_bot/share/my_bot/config/view_bot.rviz
[0.476s] -- Up-to-date symlink: /home/jaj/dev_ws/src/my_bot/install/my_bot/share/my_bot/description/gazebo_control.xacro
[0.476s] -- Up-to-date symlink: /home/jaj/dev_ws/src/my_bot/install/my_bot/share/my_bot/description/gz_ros2_control.xacro
[0.480s] -- Up-to-date symlink: /home/jaj/dev_ws/src/my_bot/install/my_bot/share/my_bot/description/inertial_macros.xacro
[0.482s] -- Up-to-date symlink: /home/jaj/dev_ws/src/my_bot/install/my_bot/share/my_bot/description/lidar.xacro
[0.483s] -- Up-to-date symlink: /home/jaj/dev_ws/src/my_bot/install/my_bot/share/my_bot/description/robot.urdf.xacro
[0.484s] -- Up-to-date symlink: /home/jaj/dev_ws/src/my_bot/install/my_bot/share/my_bot/description/robot_core.xacro
[0.486s] -- Up-to-date symlink: /home/jaj/dev_ws/src/my_bot/install/my_bot/share/my_bot/description/ros2_control.xacro
[0.486s] -- Up-to-date symlink: /home/jaj/dev_ws/src/my_bot/install/my_bot/share/my_bot/launch/launch_sim.launch.py
[0.487s] -- Symlinking: /home/jaj/dev_ws/src/my_bot/install/my_bot/share/my_bot/launch/rplidar.launch.py
[0.525s] -- Up-to-date symlink: /home/jaj/dev_ws/src/my_bot/install/my_bot/share/my_bot/launch/rsp.launch.py
[0.527s] -- Up-to-date symlink: /home/jaj/dev_ws/src/my_bot/install/my_bot/share/my_bot/worlds/empty.world
[0.530s] -- Up-to-date symlink: /home/jaj/dev_ws/src/my_bot/install/my_bot/share/my_bot/worlds/obstacles.world
[0.533s] -- Up-to-date symlink: /home/jaj/dev_ws/src/my_bot/install/my_bot/share/ament_index/resource_index/package_run_dependencies/my_bot
[0.538s] -- Up-to-date symlink: /home/jaj/dev_ws/src/my_bot/install/my_bot/share/ament_index/resource_index/parent_prefix_path/my_bot
[0.541s] -- Up-to-date symlink: /home/jaj/dev_ws/src/my_bot/install/my_bot/share/my_bot/environment/ament_prefix_path.sh
[0.543s] -- Up-to-date symlink: /home/jaj/dev_ws/src/my_bot/install/my_bot/share/my_bot/environment/ament_prefix_path.dsv
[0.545s] -- Up-to-date symlink: /home/jaj/dev_ws/src/my_bot/install/my_bot/share/my_bot/environment/path.sh
[0.548s] -- Up-to-date symlink: /home/jaj/dev_ws/src/my_bot/install/my_bot/share/my_bot/environment/path.dsv
[0.548s] -- Up-to-date symlink: /home/jaj/dev_ws/src/my_bot/install/my_bot/share/my_bot/local_setup.bash
[0.549s] -- Up-to-date symlink: /home/jaj/dev_ws/src/my_bot/install/my_bot/share/my_bot/local_setup.sh
[0.550s] -- Up-to-date symlink: /home/jaj/dev_ws/src/my_bot/install/my_bot/share/my_bot/local_setup.zsh
[0.552s] -- Up-to-date symlink: /home/jaj/dev_ws/src/my_bot/install/my_bot/share/my_bot/local_setup.dsv
[0.553s] -- Symlinking: /home/jaj/dev_ws/src/my_bot/install/my_bot/share/my_bot/package.dsv
[0.593s] -- Up-to-date symlink: /home/jaj/dev_ws/src/my_bot/install/my_bot/share/ament_index/resource_index/packages/my_bot
[0.594s] -- Up-to-date symlink: /home/jaj/dev_ws/src/my_bot/install/my_bot/share/my_bot/cmake/my_botConfig.cmake
[0.596s] -- Up-to-date symlink: /home/jaj/dev_ws/src/my_bot/install/my_bot/share/my_bot/cmake/my_botConfig-version.cmake
[0.596s] -- Up-to-date symlink: /home/jaj/dev_ws/src/my_bot/install/my_bot/share/my_bot/package.xml
[0.605s] Invoked command in '/home/jaj/dev_ws/src/my_bot/build/my_bot' returned '0': CMAKE_PREFIX_PATH=${CMAKE_PREFIX_PATH}:/opt/ros/humble /usr/bin/cmake --install /home/jaj/dev_ws/src/my_bot/build/my_bot
