[0.056s] Invoking command in '/home/jaj/dev_ws/src/my_bot/build/my_bot': CMAKE_PREFIX_PATH=${CMAKE_PREFIX_PATH}:/opt/ros/humble /usr/bin/cmake --build /home/jaj/dev_ws/src/my_bot/build/my_bot -- -j4 -l4
[0.160s] -- Found ament_cmake: 1.3.12 (/opt/ros/humble/share/ament_cmake/cmake)
[0.714s] -- Override CMake install command with custom implementation using symlinks instead of copying resources
[1.047s] -- Configuring done
[1.072s] -- Generating done
[1.082s] -- Build files have been written to: /home/jaj/dev_ws/src/my_bot/build/my_bot
[1.163s] Invoked command in '/home/jaj/dev_ws/src/my_bot/build/my_bot' returned '0': CMAKE_PREFIX_PATH=${CMAKE_PREFIX_PATH}:/opt/ros/humble /usr/bin/cmake --build /home/jaj/dev_ws/src/my_bot/build/my_bot -- -j4 -l4
[1.206s] Invoking command in '/home/jaj/dev_ws/src/my_bot/build/my_bot': CMAKE_PREFIX_PATH=${CMAKE_PREFIX_PATH}:/opt/ros/humble /usr/bin/cmake --install /home/jaj/dev_ws/src/my_bot/build/my_bot
[1.235s] -- Install configuration: ""
[1.236s] -- Execute custom install script
[1.238s] -- Symlinking: /home/jaj/dev_ws/src/my_bot/install/my_bot/share/my_bot/config/diff_drive_controllers.yaml
[1.272s] -- Up-to-date symlink: /home/jaj/dev_ws/src/my_bot/install/my_bot/share/my_bot/config/drive_bot.rviz
[1.273s] -- Up-to-date symlink: /home/jaj/dev_ws/src/my_bot/install/my_bot/share/my_bot/config/empty.yaml
[1.273s] -- Up-to-date symlink: /home/jaj/dev_ws/src/my_bot/install/my_bot/share/my_bot/config/view_bot.rviz
[1.275s] -- Up-to-date symlink: /home/jaj/dev_ws/src/my_bot/install/my_bot/share/my_bot/description/gazebo_control.xacro
[1.276s] -- Symlinking: /home/jaj/dev_ws/src/my_bot/install/my_bot/share/my_bot/description/gz_ros2_control.xacro
[1.308s] -- Up-to-date symlink: /home/jaj/dev_ws/src/my_bot/install/my_bot/share/my_bot/description/inertial_macros.xacro
[1.309s] -- Up-to-date symlink: /home/jaj/dev_ws/src/my_bot/install/my_bot/share/my_bot/description/robot.urdf.xacro
[1.309s] -- Up-to-date symlink: /home/jaj/dev_ws/src/my_bot/install/my_bot/share/my_bot/description/robot_core.xacro
[1.310s] -- Up-to-date symlink: /home/jaj/dev_ws/src/my_bot/install/my_bot/share/my_bot/launch/launch_sim.launch.py
[1.311s] -- Up-to-date symlink: /home/jaj/dev_ws/src/my_bot/install/my_bot/share/my_bot/launch/rsp.launch.py
[1.313s] -- Up-to-date symlink: /home/jaj/dev_ws/src/my_bot/install/my_bot/share/my_bot/worlds/empty.world
[1.317s] -- Up-to-date symlink: /home/jaj/dev_ws/src/my_bot/install/my_bot/share/ament_index/resource_index/package_run_dependencies/my_bot
[1.319s] -- Up-to-date symlink: /home/jaj/dev_ws/src/my_bot/install/my_bot/share/ament_index/resource_index/parent_prefix_path/my_bot
[1.321s] -- Up-to-date symlink: /home/jaj/dev_ws/src/my_bot/install/my_bot/share/my_bot/environment/ament_prefix_path.sh
[1.323s] -- Up-to-date symlink: /home/jaj/dev_ws/src/my_bot/install/my_bot/share/my_bot/environment/ament_prefix_path.dsv
[1.325s] -- Up-to-date symlink: /home/jaj/dev_ws/src/my_bot/install/my_bot/share/my_bot/environment/path.sh
[1.327s] -- Up-to-date symlink: /home/jaj/dev_ws/src/my_bot/install/my_bot/share/my_bot/environment/path.dsv
[1.328s] -- Up-to-date symlink: /home/jaj/dev_ws/src/my_bot/install/my_bot/share/my_bot/local_setup.bash
[1.329s] -- Up-to-date symlink: /home/jaj/dev_ws/src/my_bot/install/my_bot/share/my_bot/local_setup.sh
[1.330s] -- Up-to-date symlink: /home/jaj/dev_ws/src/my_bot/install/my_bot/share/my_bot/local_setup.zsh
[1.331s] -- Up-to-date symlink: /home/jaj/dev_ws/src/my_bot/install/my_bot/share/my_bot/local_setup.dsv
[1.332s] -- Symlinking: /home/jaj/dev_ws/src/my_bot/install/my_bot/share/my_bot/package.dsv
[1.369s] -- Up-to-date symlink: /home/jaj/dev_ws/src/my_bot/install/my_bot/share/ament_index/resource_index/packages/my_bot
[1.370s] -- Up-to-date symlink: /home/jaj/dev_ws/src/my_bot/install/my_bot/share/my_bot/cmake/my_botConfig.cmake
[1.371s] -- Up-to-date symlink: /home/jaj/dev_ws/src/my_bot/install/my_bot/share/my_bot/cmake/my_botConfig-version.cmake
[1.372s] -- Up-to-date symlink: /home/jaj/dev_ws/src/my_bot/install/my_bot/share/my_bot/package.xml
[1.378s] Invoked command in '/home/jaj/dev_ws/src/my_bot/build/my_bot' returned '0': CMAKE_PREFIX_PATH=${CMAKE_PREFIX_PATH}:/opt/ros/humble /usr/bin/cmake --install /home/jaj/dev_ws/src/my_bot/build/my_bot
